INFO: Plik logu utworzony. Test zapisu: 2025-06-23 10:06:59
[2025-06-23 10:06:59] Rozpoczęcie generowania DOCX dla zadania ID 2. Tymczasowy katalog bazowy: /tmp/. Docelowy katalog tymczasowy: /tmp/docx_68590b23158d9
[2025-06-23 10:06:59] INFO: Przetwarzanie elementu 1/3 dla zadania 2. URL: https://stiulove.pl/pl/c/bawelna/54. Podgląd treści: '<p>Odkryj wyjątkową kolekcję poduszek wykonanych z najwyższej jakości bawełny, które dodadzą przytulności i stylu każdemu wnętrzu. Nasze produkty łączą w sobie naturalne materiały z nowoczesnym design...'
[2025-06-23 10:06:59] INFO: Przetwarzanie elementu 2/3 dla zadania 2. URL: https://stiulove.pl/pl/c/duza/58. Podgląd treści: '<p>Odkryj wyjątkowe, duże poduszki, które odmienią każde wnętrze, dodając mu przytulności i stylu. Nasza kolekcja oferuje produkty wykonane z najwyższej jakości materiałów, zapewniające komfort i trwa...'
[2025-06-23 10:06:59] INFO: Przetwarzanie elementu 3/3 dla zadania 2. URL: https://stiulove.pl/pl/c/Poduszka-Supel-MINI/65. Podgląd treści: '<p>Odkryj urokliwe akcenty, które odmienią każde wnętrze, nadając mu niepowtarzalny charakter i przytulność. Nasza kolekcja skupia się na detalach, które tworzą atmosferę. Znajdź idealne dodatki do sw...'
[2025-06-23 10:06:59] INFO: Pomyślnie dodano 5 plików do archiwum ZIP dla zadania 2.
[2025-06-23 10:06:59] INFO: Plik DOCX /tmp/docx_68590b23158d9.docx został pomyślnie utworzony.
[2025-06-23 10:10:23] INFO: Rozpoczęcie generowania DOCX dla zadania ID 2. Temp dir: /tmp/docx_68590befd2d2d
[2025-06-23 10:10:23] INFO: Przetwarzanie elementu 1/3 dla zadania 2. URL: https://stiulove.pl/pl/c/bawelna/54. Podgląd treści: '<p>Odkryj wyjątkową kolekcję poduszek wykonanych z najwyższej jakości bawełny, które dodadzą przytulności i stylu każdemu wnętrzu. Nasze produkty łączą w sobie naturalne materiały z nowoczesnym design...'
[2025-06-23 10:10:23] INFO: Przetwarzanie elementu 2/3 dla zadania 2. URL: https://stiulove.pl/pl/c/duza/58. Podgląd treści: '<p>Odkryj wyjątkowe, duże poduszki, które odmienią każde wnętrze, dodając mu przytulności i stylu. Nasza kolekcja oferuje produkty wykonane z najwyższej jakości materiałów, zapewniające komfort i trwa...'
[2025-06-23 10:10:23] INFO: Przetwarzanie elementu 3/3 dla zadania 2. URL: https://stiulove.pl/pl/c/Poduszka-Supel-MINI/65. Podgląd treści: '<p>Odkryj urokliwe akcenty, które odmienią każde wnętrze, nadając mu niepowtarzalny charakter i przytulność. Nasza kolekcja skupia się na detalach, które tworzą atmosferę. Znajdź idealne dodatki do sw...'
[2025-06-23 10:10:23] INFO: Pomyślnie dodano 5 plików do archiwum ZIP dla zadania 2.
[2025-06-23 10:10:23] INFO: Plik DOCX /tmp/docx_68590befd2d2d.docx został pomyślnie utworzony.
[2025-06-23 10:11:41] INFO: Rozpoczęcie generowania DOCX dla zadania ID 2. Temp dir: /tmp/docx_68590c3dd6591
[2025-06-23 10:11:41] INFO: Przetwarzanie elementu 1/3 dla zadania 2. URL: https://stiulove.pl/pl/c/bawelna/54. Podgląd treści: '<p>Odkryj wyjątkową kolekcję poduszek wykonanych z najwyższej jakości bawełny, które dodadzą przytulności i stylu każdemu wnętrzu. Nasze produkty łączą w sobie naturalne materiały z nowoczesnym design...'
[2025-06-23 10:11:41] INFO: Przetwarzanie elementu 2/3 dla zadania 2. URL: https://stiulove.pl/pl/c/duza/58. Podgląd treści: '<p>Odkryj wyjątkowe, duże poduszki, które odmienią każde wnętrze, dodając mu przytulności i stylu. Nasza kolekcja oferuje produkty wykonane z najwyższej jakości materiałów, zapewniające komfort i trwa...'
[2025-06-23 10:11:41] INFO: Przetwarzanie elementu 3/3 dla zadania 2. URL: https://stiulove.pl/pl/c/Poduszka-Supel-MINI/65. Podgląd treści: '<p>Odkryj urokliwe akcenty, które odmienią każde wnętrze, nadając mu niepowtarzalny charakter i przytulność. Nasza kolekcja skupia się na detalach, które tworzą atmosferę. Znajdź idealne dodatki do sw...'
[2025-06-23 10:11:41] INFO: Pomyślnie dodano 5 plików do archiwum ZIP dla zadania 2.
[2025-06-23 10:11:41] INFO: Plik DOCX /tmp/docx_68590c3dd6591.docx został pomyślnie utworzony.
[2025-06-23 10:14:00] INFO: Rozpoczęcie generowania DOCX dla zadania ID 3. Temp dir: /tmp/docx_68590cc88c7de
[2025-06-23 10:14:00] INFO: Przetwarzanie elementu 1/3 dla zadania 3. URL: https://stiulove.pl/pl/c/bawelna/54. Podgląd treści: '<p>Poszukujesz wyjątkowej dekoracji do swojego salonu? Bawełniane poduszki, ręcznie plecione i ozdobione, to idealny wybór dla osób ceniących naturalne materiały i niepowtarzalny styl. Odkryj szeroki ...'
[2025-06-23 10:14:00] INFO: Przetwarzanie elementu 2/3 dla zadania 3. URL: https://stiulove.pl/pl/c/duza/58. Podgląd treści: '<p>Poszukujesz idealnej poduszki do swojego wnętrza? Szeroki wybór kształtów, kolorów i materiałów czeka na Ciebie w naszej kolekcji. Odkryj komfort i styl, który idealnie dopełni Twoją przestrzeń.</p...'
[2025-06-23 10:14:00] INFO: Przetwarzanie elementu 3/3 dla zadania 3. URL: https://stiulove.pl/pl/c/Poduszka-Supel-MINI/65. Podgląd treści: '<p>Poszukujesz <strong>małej poduszki supeł</strong>, idealnej do pokoju dziecięcego? W naszej ofercie znajdziesz szeroki wybór uroczych i praktycznych mini poduszek, które doskonale sprawdzą się jako...'
[2025-06-23 10:14:00] INFO: Pomyślnie dodano 5 plików do archiwum ZIP dla zadania 3.
[2025-06-23 10:14:00] INFO: Plik DOCX /tmp/docx_68590cc88c7de.docx został pomyślnie utworzony.
[2025-06-23 10:18:02] INFO: Rozpoczęcie generowania DOCX dla zadania ID 3. Temp dir: /tmp/docx_68590dbad4e22
[2025-06-23 10:18:02] INFO: Przetwarzanie elementu 1/3 dla zadania 3. URL: https://stiulove.pl/pl/c/bawelna/54. Podgląd treści: '<p>Poszukujesz wyjątkowej dekoracji do swojego salonu? Bawełniane poduszki, ręcznie plecione i ozdobione, to idealny wybór dla osób ceniących naturalne materiały i niepowtarzalny styl. Odkryj szeroki ...'
[2025-06-23 10:18:02] INFO: Przetwarzanie elementu 2/3 dla zadania 3. URL: https://stiulove.pl/pl/c/duza/58. Podgląd treści: '<p>Poszukujesz idealnej poduszki do swojego wnętrza? Szeroki wybór kształtów, kolorów i materiałów czeka na Ciebie w naszej kolekcji. Odkryj komfort i styl, który idealnie dopełni Twoją przestrzeń.</p...'
[2025-06-23 10:18:02] INFO: Przetwarzanie elementu 3/3 dla zadania 3. URL: https://stiulove.pl/pl/c/Poduszka-Supel-MINI/65. Podgląd treści: '<p>Poszukujesz <strong>małej poduszki supeł</strong>, idealnej do pokoju dziecięcego? W naszej ofercie znajdziesz szeroki wybór uroczych i praktycznych mini poduszek, które doskonale sprawdzą się jako...'
[2025-06-23 10:18:02] INFO: Pomyślnie dodano 5 plików do archiwum ZIP dla zadania 3.
[2025-06-23 10:18:02] INFO: Plik DOCX /tmp/docx_68590dbad4e22.docx został pomyślnie utworzony.
[23-Jun-2025 10:20:01 Europe/Warsaw] PHP Warning:  Undefined variable $pdo in /usr/home/betterwebsite/domains/seophp.agencjaseo.pl/public_html/content/export_docx.php on line 64
[23-Jun-2025 10:20:01 Europe/Warsaw] PHP Fatal error:  Uncaught Error: Call to a member function prepare() on null in /usr/home/betterwebsite/domains/seophp.agencjaseo.pl/public_html/content/export_docx.php:64
Stack trace:
#0 {main}
  thrown in /usr/home/betterwebsite/domains/seophp.agencjaseo.pl/public_html/content/export_docx.php on line 64
[2025-06-23 10:25:30] INFO: Rozpoczęcie generowania DOCX dla zadania ID 3. Temp dir: /tmp/docx_68590f7a0eb20
[2025-06-23 10:25:30] INFO: Przetwarzanie elementu 1/3 dla zadania 3. URL: https://stiulove.pl/pl/c/bawelna/54. Podgląd treści: '<p>Poszukujesz wyjątkowej dekoracji do swojego salonu? Bawełniane poduszki, ręcznie plecione i ozdobione, to idealny wybór dla osób ceniących naturalne materiały i niepowtarzalny styl. Odkryj szeroki ...'
[2025-06-23 10:25:30] INFO: Przetwarzanie elementu 2/3 dla zadania 3. URL: https://stiulove.pl/pl/c/duza/58. Podgląd treści: '<p>Poszukujesz idealnej poduszki do swojego wnętrza? Szeroki wybór kształtów, kolorów i materiałów czeka na Ciebie w naszej kolekcji. Odkryj komfort i styl, który idealnie dopełni Twoją przestrzeń.</p...'
[2025-06-23 10:25:30] INFO: Przetwarzanie elementu 3/3 dla zadania 3. URL: https://stiulove.pl/pl/c/Poduszka-Supel-MINI/65. Podgląd treści: '<p>Poszukujesz <strong>małej poduszki supeł</strong>, idealnej do pokoju dziecięcego? W naszej ofercie znajdziesz szeroki wybór uroczych i praktycznych mini poduszek, które doskonale sprawdzą się jako...'
[2025-06-23 10:25:30] INFO: Pomyślnie dodano 5 plików do archiwum ZIP dla zadania 3.
[2025-06-23 10:25:30] INFO: Plik DOCX /tmp/docx_68590f7a0eb20.docx został pomyślnie utworzony.
[2025-06-23 10:28:25] INFO: Rozpoczęcie generowania DOCX dla zadania ID 3. Temp dir: /tmp/docx_68591029499a1
[2025-06-23 10:28:25] INFO: Przetwarzanie elementu 1/3 dla zadania 3. URL: https://stiulove.pl/pl/c/bawelna/54. Podgląd treści: '<p>Poszukujesz wyjątkowej dekoracji do swojego salonu? Bawełniane poduszki, ręcznie plecione i ozdobione, to idealny wybór dla osób ceniących naturalne materiały i niepowtarzalny styl. Odkryj szeroki ...'
[2025-06-23 10:28:25] INFO: Przetwarzanie elementu 2/3 dla zadania 3. URL: https://stiulove.pl/pl/c/duza/58. Podgląd treści: '<p>Poszukujesz idealnej poduszki do swojego wnętrza? Szeroki wybór kształtów, kolorów i materiałów czeka na Ciebie w naszej kolekcji. Odkryj komfort i styl, który idealnie dopełni Twoją przestrzeń.</p...'
[2025-06-23 10:28:25] INFO: Przetwarzanie elementu 3/3 dla zadania 3. URL: https://stiulove.pl/pl/c/Poduszka-Supel-MINI/65. Podgląd treści: '<p>Poszukujesz <strong>małej poduszki supeł</strong>, idealnej do pokoju dziecięcego? W naszej ofercie znajdziesz szeroki wybór uroczych i praktycznych mini poduszek, które doskonale sprawdzą się jako...'
[2025-06-23 10:28:25] INFO: Pomyślnie dodano 5 plików do archiwum ZIP dla zadania 3.
[2025-06-23 10:28:25] INFO: Plik DOCX /tmp/docx_68591029499a1.docx został pomyślnie utworzony.
[2025-06-23 10:30:06] INFO: Rozpoczęcie generowania DOCX dla zadania ID 3. Temp dir: /tmp/docx_6859108e9078f
[2025-06-23 10:30:06] INFO: Przetwarzanie elementu 1/3 dla zadania 3. URL: https://stiulove.pl/pl/c/bawelna/54. Podgląd treści: '<p>Poszukujesz wyjątkowej dekoracji do swojego salonu? Bawełniane poduszki, ręcznie plecione i ozdobione, to idealny wybór dla osób ceniących naturalne materiały i niepowtarzalny styl. Odkryj szeroki ...'
[2025-06-23 10:30:06] INFO: Przetwarzanie elementu 2/3 dla zadania 3. URL: https://stiulove.pl/pl/c/duza/58. Podgląd treści: '<p>Poszukujesz idealnej poduszki do swojego wnętrza? Szeroki wybór kształtów, kolorów i materiałów czeka na Ciebie w naszej kolekcji. Odkryj komfort i styl, który idealnie dopełni Twoją przestrzeń.</p...'
[2025-06-23 10:30:06] INFO: Przetwarzanie elementu 3/3 dla zadania 3. URL: https://stiulove.pl/pl/c/Poduszka-Supel-MINI/65. Podgląd treści: '<p>Poszukujesz <strong>małej poduszki supeł</strong>, idealnej do pokoju dziecięcego? W naszej ofercie znajdziesz szeroki wybór uroczych i praktycznych mini poduszek, które doskonale sprawdzą się jako...'
[2025-06-23 10:30:06] INFO: Pomyślnie dodano 5 plików do archiwum ZIP dla zadania 3.
[2025-06-23 10:30:06] INFO: Plik DOCX /tmp/docx_6859108e9078f.docx został pomyślnie utworzony.
[2025-06-23 10:32:09] INFO: Rozpoczęcie generowania DOCX dla zadania ID 3. Temp dir: /tmp/docx_68591109d5bd9
[2025-06-23 10:32:09] INFO: Przetwarzanie elementu 1/3 dla zadania 3. URL: https://stiulove.pl/pl/c/bawelna/54. Podgląd treści: '<p>Poszukujesz wyjątkowej dekoracji do swojego salonu? Bawełniane poduszki, ręcznie plecione i ozdobione, to idealny wybór dla osób ceniących naturalne materiały i niepowtarzalny styl. Odkryj szeroki ...'
[2025-06-23 10:32:09] INFO: Przetwarzanie elementu 2/3 dla zadania 3. URL: https://stiulove.pl/pl/c/duza/58. Podgląd treści: '<p>Poszukujesz idealnej poduszki do swojego wnętrza? Szeroki wybór kształtów, kolorów i materiałów czeka na Ciebie w naszej kolekcji. Odkryj komfort i styl, który idealnie dopełni Twoją przestrzeń.</p...'
[2025-06-23 10:32:09] INFO: Przetwarzanie elementu 3/3 dla zadania 3. URL: https://stiulove.pl/pl/c/Poduszka-Supel-MINI/65. Podgląd treści: '<p>Poszukujesz <strong>małej poduszki supeł</strong>, idealnej do pokoju dziecięcego? W naszej ofercie znajdziesz szeroki wybór uroczych i praktycznych mini poduszek, które doskonale sprawdzą się jako...'
[2025-06-23 10:32:09] INFO: Pomyślnie dodano 5 plików do archiwum ZIP dla zadania 3.
[2025-06-23 10:32:09] INFO: Plik DOCX /tmp/docx_68591109d5bd9.docx został pomyślnie utworzony.
[2025-06-23 10:35:35] INFO: Rozpoczęcie generowania DOCX dla zadania ID 3. Temp dir: /tmp/docx_685911d7c5e19
[2025-06-23 10:35:35] INFO: Przetwarzanie elementu 1/3 dla zadania 3. URL: https://stiulove.pl/pl/c/bawelna/54. Podgląd treści: '<p>Poszukujesz wyjątkowej dekoracji do swojego salonu? Bawełniane poduszki, ręcznie plecione i ozdobione, to idealny wybór dla osób ceniących naturalne materiały i niepowtarzalny styl. Odkryj szeroki ...'
[2025-06-23 10:35:35] INFO: Przetwarzanie elementu 2/3 dla zadania 3. URL: https://stiulove.pl/pl/c/duza/58. Podgląd treści: '<p>Poszukujesz idealnej poduszki do swojego wnętrza? Szeroki wybór kształtów, kolorów i materiałów czeka na Ciebie w naszej kolekcji. Odkryj komfort i styl, który idealnie dopełni Twoją przestrzeń.</p...'
[2025-06-23 10:35:35] INFO: Przetwarzanie elementu 3/3 dla zadania 3. URL: https://stiulove.pl/pl/c/Poduszka-Supel-MINI/65. Podgląd treści: '<p>Poszukujesz <strong>małej poduszki supeł</strong>, idealnej do pokoju dziecięcego? W naszej ofercie znajdziesz szeroki wybór uroczych i praktycznych mini poduszek, które doskonale sprawdzą się jako...'
[2025-06-23 10:35:35] INFO: Pomyślnie dodano 5 plików do archiwum ZIP dla zadania 3.
[2025-06-23 10:35:35] INFO: Plik DOCX /tmp/docx_685911d7c5e19.docx został pomyślnie utworzony.
[2025-06-23 10:37:21] Rozpoczęcie generowania DOCX dla zadania ID 3. Tymczasowy katalog bazowy: /tmp/. Docelowy katalog tymczasowy: /tmp/docx_6859124133475
[2025-06-23 10:37:21] INFO: Przetwarzanie elementu 1/3 dla zadania 3. URL: https://stiulove.pl/pl/c/bawelna/54. Podgląd treści: '<p>Poszukujesz wyjątkowej dekoracji do swojego salonu? Bawełniane poduszki, ręcznie plecione i ozdobione, to idealny wybór dla osób ceniących naturalne materiały i niepowtarzalny styl. Odkryj szeroki ...'
[2025-06-23 10:37:21] INFO: Przetwarzanie elementu 2/3 dla zadania 3. URL: https://stiulove.pl/pl/c/duza/58. Podgląd treści: '<p>Poszukujesz idealnej poduszki do swojego wnętrza? Szeroki wybór kształtów, kolorów i materiałów czeka na Ciebie w naszej kolekcji. Odkryj komfort i styl, który idealnie dopełni Twoją przestrzeń.</p...'
[2025-06-23 10:37:21] INFO: Przetwarzanie elementu 3/3 dla zadania 3. URL: https://stiulove.pl/pl/c/Poduszka-Supel-MINI/65. Podgląd treści: '<p>Poszukujesz <strong>małej poduszki supeł</strong>, idealnej do pokoju dziecięcego? W naszej ofercie znajdziesz szeroki wybór uroczych i praktycznych mini poduszek, które doskonale sprawdzą się jako...'
[2025-06-23 10:37:21] INFO: Pomyślnie dodano 5 plików do archiwum ZIP dla zadania 3.
[2025-06-23 10:37:21] INFO: Plik DOCX /tmp/docx_6859124133475.docx został pomyślnie utworzony.
[2025-06-23 10:39:47] INFO: Rozpoczęcie generowania DOCX dla zadania ID 3. Temp dir: /tmp/docx_685912d32aa39
[2025-06-23 10:39:47] INFO: Przetwarzanie elementu 1/3 dla zadania 3. URL: https://stiulove.pl/pl/c/bawelna/54. Podgląd treści: '<p>Poszukujesz wyjątkowej dekoracji do swojego salonu? Bawełniane poduszki, ręcznie plecione i ozdobione, to idealny wybór dla osób ceniących naturalne materiały i niepowtarzalny styl. Odkryj szeroki ...'
[2025-06-23 10:39:47] INFO: Przetwarzanie elementu 2/3 dla zadania 3. URL: https://stiulove.pl/pl/c/duza/58. Podgląd treści: '<p>Poszukujesz idealnej poduszki do swojego wnętrza? Szeroki wybór kształtów, kolorów i materiałów czeka na Ciebie w naszej kolekcji. Odkryj komfort i styl, który idealnie dopełni Twoją przestrzeń.</p...'
[2025-06-23 10:39:47] INFO: Przetwarzanie elementu 3/3 dla zadania 3. URL: https://stiulove.pl/pl/c/Poduszka-Supel-MINI/65. Podgląd treści: '<p>Poszukujesz <strong>małej poduszki supeł</strong>, idealnej do pokoju dziecięcego? W naszej ofercie znajdziesz szeroki wybór uroczych i praktycznych mini poduszek, które doskonale sprawdzą się jako...'
[2025-06-23 10:39:47] INFO: Pomyślnie dodano 5 plików do archiwum ZIP dla zadania 3.
[2025-06-23 10:39:47] INFO: Plik DOCX /tmp/docx_685912d32aa39.docx został pomyślnie utworzony.
[2025-06-23 10:41:08] INFO: Rozpoczęcie generowania DOCX dla zadania ID 3. Temp dir: /tmp/docx_6859132480271
[2025-06-23 10:41:08] INFO: Przetwarzanie elementu 1/3 dla zadania 3. URL: https://stiulove.pl/pl/c/bawelna/54. Podgląd treści: '<p>Poszukujesz wyjątkowej dekoracji do swojego salonu? Bawełniane poduszki, ręcznie plecione i ozdobione, to idealny wybór dla osób ceniących naturalne materiały i niepowtarzalny styl. Odkryj szeroki ...'
[2025-06-23 10:41:08] INFO: Przetwarzanie elementu 2/3 dla zadania 3. URL: https://stiulove.pl/pl/c/duza/58. Podgląd treści: '<p>Poszukujesz idealnej poduszki do swojego wnętrza? Szeroki wybór kształtów, kolorów i materiałów czeka na Ciebie w naszej kolekcji. Odkryj komfort i styl, który idealnie dopełni Twoją przestrzeń.</p...'
[2025-06-23 10:41:08] INFO: Przetwarzanie elementu 3/3 dla zadania 3. URL: https://stiulove.pl/pl/c/Poduszka-Supel-MINI/65. Podgląd treści: '<p>Poszukujesz <strong>małej poduszki supeł</strong>, idealnej do pokoju dziecięcego? W naszej ofercie znajdziesz szeroki wybór uroczych i praktycznych mini poduszek, które doskonale sprawdzą się jako...'
[2025-06-23 10:41:08] INFO: Pomyślnie dodano 5 plików do archiwum ZIP dla zadania 3.
[2025-06-23 10:41:08] INFO: Plik DOCX /tmp/docx_6859132480271.docx został pomyślnie utworzony.
[2025-06-23 10:41:31] Rozpoczęcie generowania DOCX dla zadania ID 3. Tymczasowy katalog bazowy: /tmp/. Docelowy katalog tymczasowy: /tmp/docx_6859133b83a99
[2025-06-23 10:41:31] INFO: Przetwarzanie elementu 1/3 dla zadania 3. URL: https://stiulove.pl/pl/c/bawelna/54. Podgląd treści: '<p>Poszukujesz wyjątkowej dekoracji do swojego salonu? Bawełniane poduszki, ręcznie plecione i ozdobione, to idealny wybór dla osób ceniących naturalne materiały i niepowtarzalny styl. Odkryj szeroki ...'
[2025-06-23 10:41:31] INFO: Przetwarzanie elementu 2/3 dla zadania 3. URL: https://stiulove.pl/pl/c/duza/58. Podgląd treści: '<p>Poszukujesz idealnej poduszki do swojego wnętrza? Szeroki wybór kształtów, kolorów i materiałów czeka na Ciebie w naszej kolekcji. Odkryj komfort i styl, który idealnie dopełni Twoją przestrzeń.</p...'
[2025-06-23 10:41:31] INFO: Przetwarzanie elementu 3/3 dla zadania 3. URL: https://stiulove.pl/pl/c/Poduszka-Supel-MINI/65. Podgląd treści: '<p>Poszukujesz <strong>małej poduszki supeł</strong>, idealnej do pokoju dziecięcego? W naszej ofercie znajdziesz szeroki wybór uroczych i praktycznych mini poduszek, które doskonale sprawdzą się jako...'
[2025-06-23 10:41:31] INFO: Pomyślnie dodano 5 plików do archiwum ZIP dla zadania 3.
[2025-06-23 10:41:31] INFO: Plik DOCX /tmp/docx_6859133b83a99.docx został pomyślnie utworzony.
[2025-06-23 10:44:05] Rozpoczęcie generowania DOCX dla zadania ID 3. Tymczasowy katalog bazowy: /tmp/. Docelowy katalog tymczasowy: /tmp/docx_685913d53cb82
[2025-06-23 10:44:05] INFO: Przetwarzanie elementu 1/3 dla zadania 3. URL: https://stiulove.pl/pl/c/bawelna/54. Podgląd surowego tekstu: '<p>Poszukujesz wyjątkowej dekoracji do swojego salonu? Bawełniane poduszki, ręcznie plecione i ozdobione, to idealny wybór dla osób ceniących naturalne materiały i niepowtarzalny styl. Odkryj szeroki ...'
[2025-06-23 10:44:05] INFO: Przetwarzanie elementu 1/3 dla zadania 3. URL: https://stiulove.pl/pl/c/bawelna/54. Podgląd oczyszczonego tekstu: '<p>Poszukujesz wyjątkowej dekoracji do swojego salonu? Bawełniane poduszki, ręcznie plecione i ozdobione, to idealny wybór dla osób ceniących naturalne materiały i niepowtarzalny styl. Odkryj szeroki ...'
[2025-06-23 10:44:05] INFO: Przetwarzanie elementu 2/3 dla zadania 3. URL: https://stiulove.pl/pl/c/duza/58. Podgląd surowego tekstu: '<p>Poszukujesz idealnej poduszki do swojego wnętrza? Szeroki wybór kształtów, kolorów i materiałów czeka na Ciebie w naszej kolekcji. Odkryj komfort i styl, który idealnie dopełni Twoją przestrzeń.</p...'
[2025-06-23 10:44:05] INFO: Przetwarzanie elementu 2/3 dla zadania 3. URL: https://stiulove.pl/pl/c/duza/58. Podgląd oczyszczonego tekstu: '<p>Poszukujesz idealnej poduszki do swojego wnętrza? Szeroki wybór kształtów, kolorów i materiałów czeka na Ciebie w naszej kolekcji. Odkryj komfort i styl, który idealnie dopełni Twoją przestrzeń.</p...'
[2025-06-23 10:44:05] INFO: Przetwarzanie elementu 3/3 dla zadania 3. URL: https://stiulove.pl/pl/c/Poduszka-Supel-MINI/65. Podgląd surowego tekstu: '<p>Poszukujesz <strong>małej poduszki supeł</strong>, idealnej do pokoju dziecięcego? W naszej ofercie znajdziesz szeroki wybór uroczych i praktycznych mini poduszek, które doskonale sprawdzą się jako...'
[2025-06-23 10:44:05] INFO: Przetwarzanie elementu 3/3 dla zadania 3. URL: https://stiulove.pl/pl/c/Poduszka-Supel-MINI/65. Podgląd oczyszczonego tekstu: '<p>Poszukujesz małej poduszki supeł, idealnej do pokoju dziecięcego? W naszej ofercie znajdziesz szeroki wybór uroczych i praktycznych mini poduszek, które doskonale sprawdzą się jako dekoracja pokoju...'
[2025-06-23 10:44:05] INFO: Pomyślnie dodano 5 plików do archiwum ZIP dla zadania 3.
[2025-06-23 10:44:05] INFO: Plik DOCX /tmp/docx_685913d53cb82.docx został pomyślnie utworzony.
[2025-06-23 11:10:44] Rozpoczęcie generowania DOCX dla zadania ID 2. Tymczasowy katalog bazowy: /tmp/. Docelowy katalog tymczasowy: /tmp/docx_68591a14926b7
[2025-06-23 11:10:44] INFO: Przetwarzanie elementu 1/3 dla zadania 2. URL: https://stiulove.pl/pl/c/bawelna/54. Podgląd surowego tekstu: '<p>Odkryj wyjątkową kolekcję produktów wykonanych z najwyższej jakości bawełny, która nada Twojemu wnętrzu niepowtarzalny charakter. Nasze starannie wyselekcjonowane tekstylia łączą w sobie naturalnoś...'
[2025-06-23 11:10:44] INFO: Przetwarzanie elementu 1/3 dla zadania 2. URL: https://stiulove.pl/pl/c/bawelna/54. Podgląd oczyszczonego tekstu: '<p>Odkryj wyjątkową kolekcję produktów wykonanych z najwyższej jakości bawełny, która nada Twojemu wnętrzu niepowtarzalny charakter. Nasze starannie wyselekcjonowane tekstylia łączą w sobie naturalnoś...'
[2025-06-23 11:10:44] INFO: Przetwarzanie elementu 2/3 dla zadania 2. URL: https://stiulove.pl/pl/c/duza/58. Podgląd surowego tekstu: '<p>Odkryj wyjątkową kolekcję dużych poduszek, które dodadzą charakteru każdemu wnętrzu. Nasze produkty łączą w sobie komfort, styl i wysoką jakość wykonania, spełniając oczekiwania nawet najbardziej w...'
[2025-06-23 11:10:44] INFO: Przetwarzanie elementu 2/3 dla zadania 2. URL: https://stiulove.pl/pl/c/duza/58. Podgląd oczyszczonego tekstu: '<p>Odkryj wyjątkową kolekcję dużych poduszek, które dodadzą charakteru każdemu wnętrzu. Nasze produkty łączą w sobie komfort, styl i wysoką jakość wykonania, spełniając oczekiwania nawet najbardziej w...'
[2025-06-23 11:10:44] INFO: Przetwarzanie elementu 3/3 dla zadania 2. URL: https://stiulove.pl/pl/c/Poduszka-Supel-MINI/65. Podgląd surowego tekstu: '<p>Odkryj subtelny urok i niezwykłą miękkość, które wniosą do każdego wnętrza niepowtarzalny klimat. Nasza kolekcja małych, supełkowych ozdób to idealne rozwiązanie dla tych, którzy cenią sobie orygin...'
[2025-06-23 11:10:44] INFO: Przetwarzanie elementu 3/3 dla zadania 2. URL: https://stiulove.pl/pl/c/Poduszka-Supel-MINI/65. Podgląd oczyszczonego tekstu: '<p>Odkryj subtelny urok i niezwykłą miękkość, które wniosą do każdego wnętrza niepowtarzalny klimat. Nasza kolekcja małych, supełkowych ozdób to idealne rozwiązanie dla tych, którzy cenią sobie orygin...'
[2025-06-23 11:10:44] INFO: Pomyślnie dodano 5 plików do archiwum ZIP dla zadania 2.
[2025-06-23 11:10:44] INFO: Plik DOCX /tmp/docx_68591a14926b7.docx został pomyślnie utworzony.
[2025-06-23 11:35:15] Rozpoczęcie generowania DOCX dla zadania ID 3. Tymczasowy katalog bazowy: /tmp/. Docelowy katalog tymczasowy: /tmp/docx_68591fd3e2178
[2025-06-23 11:35:15] INFO: Przetwarzanie elementu 1/3 dla zadania 3. URL: https://stiulove.pl/pl/c/bawelna/54. Podgląd surowego tekstu: '<p>Poszukujesz wyjątkowej dekoracji do swojego salonu? Bawełniane poduszki, ręcznie plecione i ozdobione, to idealny wybór dla osób ceniących naturalne materiały i niepowtarzalny styl. Odkryj szeroki ...'
[2025-06-23 11:35:15] INFO: Przetwarzanie elementu 1/3 dla zadania 3. URL: https://stiulove.pl/pl/c/bawelna/54. Podgląd oczyszczonego tekstu: '<p>Poszukujesz wyjątkowej dekoracji do swojego salonu? Bawełniane poduszki, ręcznie plecione i ozdobione, to idealny wybór dla osób ceniących naturalne materiały i niepowtarzalny styl. Odkryj szeroki ...'
[2025-06-23 11:35:15] INFO: Przetwarzanie elementu 2/3 dla zadania 3. URL: https://stiulove.pl/pl/c/duza/58. Podgląd surowego tekstu: '<p>Poszukujesz idealnej poduszki do swojego wnętrza? Szeroki wybór kształtów, kolorów i materiałów czeka na Ciebie w naszej kolekcji. Odkryj komfort i styl, który idealnie dopełni Twoją przestrzeń.</p...'
[2025-06-23 11:35:15] INFO: Przetwarzanie elementu 2/3 dla zadania 3. URL: https://stiulove.pl/pl/c/duza/58. Podgląd oczyszczonego tekstu: '<p>Poszukujesz idealnej poduszki do swojego wnętrza? Szeroki wybór kształtów, kolorów i materiałów czeka na Ciebie w naszej kolekcji. Odkryj komfort i styl, który idealnie dopełni Twoją przestrzeń.</p...'
[2025-06-23 11:35:15] INFO: Przetwarzanie elementu 3/3 dla zadania 3. URL: https://stiulove.pl/pl/c/Poduszka-Supel-MINI/65. Podgląd surowego tekstu: '<p>Poszukujesz <strong>małej poduszki supeł</strong>, idealnej do pokoju dziecięcego? W naszej ofercie znajdziesz szeroki wybór uroczych i praktycznych mini poduszek, które doskonale sprawdzą się jako...'
[2025-06-23 11:35:15] INFO: Przetwarzanie elementu 3/3 dla zadania 3. URL: https://stiulove.pl/pl/c/Poduszka-Supel-MINI/65. Podgląd oczyszczonego tekstu: '<p>Poszukujesz małej poduszki supeł, idealnej do pokoju dziecięcego? W naszej ofercie znajdziesz szeroki wybór uroczych i praktycznych mini poduszek, które doskonale sprawdzą się jako dekoracja pokoju...'
[2025-06-23 11:35:15] INFO: Pomyślnie dodano 5 plików do archiwum ZIP dla zadania 3.
[2025-06-23 11:35:15] INFO: Plik DOCX /tmp/docx_68591fd3e2178.docx został pomyślnie utworzony.
[2025-06-25 15:36:42] Rozpoczęcie generowania DOCX dla zadania ID 38. Tymczasowy katalog bazowy: /tmp/. Docelowy katalog tymczasowy: /tmp/docx_685bfb6ae9af9
[2025-06-25 15:36:42] INFO: Przetwarzanie elementu 1/2 dla zadania 38. URL: https://nexun.pl/pl/producers/mitas-1744614295.html. Podgląd surowego tekstu: '<p>Wybór odpowiedniego ogumienia rowerowego ma kluczowe znaczenie dla komfortu i bezpieczeństwa jazdy. Produkty Mitas, znane z niezawodności i innowacyjności, stanowią doskonałe rozwiązanie dla każdeg...'
[2025-06-25 15:36:42] INFO: Przetwarzanie elementu 1/2 dla zadania 38. URL: https://nexun.pl/pl/producers/mitas-1744614295.html. Podgląd oczyszczonego tekstu: '<p>Wybór odpowiedniego ogumienia rowerowego ma kluczowe znaczenie dla komfortu i bezpieczeństwa jazdy. Produkty Mitas, znane z niezawodności i innowacyjności, stanowią doskonałe rozwiązanie dla każdeg...'
[2025-06-25 15:36:42] INFO: Przetwarzanie elementu 2/2 dla zadania 38. URL: https://nexun.pl/pl/producers/kenda-1741774293.html. Podgląd surowego tekstu: '<p>Kenda to ceniona marka opon i dętek rowerowych, która od lat dostarcza produkty najwyższej jakości. Jej bogate doświadczenie na rynku przekłada się na innowacyjne rozwiązania i niezawodność w każdy...'
[2025-06-25 15:36:42] INFO: Przetwarzanie elementu 2/2 dla zadania 38. URL: https://nexun.pl/pl/producers/kenda-1741774293.html. Podgląd oczyszczonego tekstu: '<p>Kenda to ceniona marka opon i dętek rowerowych, która od lat dostarcza produkty najwyższej jakości. Jej bogate doświadczenie na rynku przekłada się na innowacyjne rozwiązania i niezawodność w każdy...'
[2025-06-25 15:36:42] INFO: Pomyślnie dodano 5 plików do archiwum ZIP dla zadania 38.
[2025-06-25 15:36:42] INFO: Plik DOCX /tmp/docx_685bfb6ae9af9.docx został pomyślnie utworzony.
[2025-06-26 09:37:45] Rozpoczęcie generowania DOCX dla zadania ID 42. Tymczasowy katalog bazowy: /tmp/. Docelowy katalog tymczasowy: /tmp/docx_685cf8c92b30a
[2025-06-26 09:37:45] INFO: Przetwarzanie elementu 1/4 dla zadania 42. URL: https://magnes.com.pl/tra-pol-1535-250Kg.html. Podgląd surowego tekstu: '<h2>Właściwości i zastosowanie magnesu neodymowego 250 kg</h2>
<p>
Magnesy neodymowe o udźwigu 250 kg to jedne z najmocniejszych dostępnych na rynku rozwiązań magnetycznych, cenione za swoją wyjątkową...'
[2025-06-26 09:37:45] INFO: Przetwarzanie elementu 1/4 dla zadania 42. URL: https://magnes.com.pl/tra-pol-1535-250Kg.html. Podgląd oczyszczonego tekstu: '<h2>Właściwości i zastosowanie magnesu neodymowego 250 kg</h2>
<p>
Magnesy neodymowe o udźwigu 250 kg to jedne z najmocniejszych dostępnych na rynku rozwiązań magnetycznych, cenione za swoją wyjątkową...'
[2025-06-26 09:37:45] INFO: Przetwarzanie elementu 2/4 dla zadania 42. URL: https://magnes.com.pl/tra-pol-1534-150Kg.html. Podgląd surowego tekstu: '<h2>Charakterystyka magnesu neodymowego o udźwigu 150 kg</h2>
<p>
Odkryj niezwykłą siłę i wszechstronność magnesów neodymowych, które stanowią serce wielu nowoczesnych rozwiązań w przemyśle, warsztaci...'
[2025-06-26 09:37:45] INFO: Przetwarzanie elementu 2/4 dla zadania 42. URL: https://magnes.com.pl/tra-pol-1534-150Kg.html. Podgląd oczyszczonego tekstu: '<h2>Charakterystyka magnesu neodymowego o udźwigu 150 kg</h2>
<p>
Odkryj niezwykłą siłę i wszechstronność magnesów neodymowych, które stanowią serce wielu nowoczesnych rozwiązań w przemyśle, warsztaci...'
[2025-06-26 09:37:45] INFO: Przetwarzanie elementu 3/4 dla zadania 42. URL: https://magnes.com.pl/tra-pol-3155-100-kg.html. Podgląd surowego tekstu: '<h2>Magnes neodymowy 100 kg – charakterystyka i właściwości</h2>
<p>Odkryj niezwykłą siłę przyciągania z naszymi magnesami neodymowymi o udźwigu 100 kg, które stanowią doskonałe rozwiązanie dla szerok...'
[2025-06-26 09:37:45] INFO: Przetwarzanie elementu 3/4 dla zadania 42. URL: https://magnes.com.pl/tra-pol-3155-100-kg.html. Podgląd oczyszczonego tekstu: '<h2>Magnes neodymowy 100 kg – charakterystyka i właściwości</h2>
<p>Odkryj niezwykłą siłę przyciągania z naszymi magnesami neodymowymi o udźwigu 100 kg, które stanowią doskonałe rozwiązanie dla szerok...'
[2025-06-26 09:37:45] INFO: Przetwarzanie elementu 4/4 dla zadania 42. URL: https://magnes.com.pl/tra-pol-1537-300Kg.html. Podgląd surowego tekstu: '<h2>Cechy i właściwości magnesu neodymowego o udźwigu 300 kg</h2>
<p>
Odkryj niezwykłą siłę i wszechstronność magnesów neodymowych o imponującym udźwigu 300 kg, które stanowią kluczowe rozwiązanie dla...'
[2025-06-26 09:37:45] INFO: Przetwarzanie elementu 4/4 dla zadania 42. URL: https://magnes.com.pl/tra-pol-1537-300Kg.html. Podgląd oczyszczonego tekstu: '<h2>Cechy i właściwości magnesu neodymowego o udźwigu 300 kg</h2>
<p>
Odkryj niezwykłą siłę i wszechstronność magnesów neodymowych o imponującym udźwigu 300 kg, które stanowią kluczowe rozwiązanie dla...'
[2025-06-26 09:37:45] INFO: Pomyślnie dodano 5 plików do archiwum ZIP dla zadania 42.
[2025-06-26 09:37:45] INFO: Plik DOCX /tmp/docx_685cf8c92b30a.docx został pomyślnie utworzony.
