[2025-06-25 00:00:00] Starting page content processor. Mode: CLI
[2025-06-25 00:00:00] No task items need page content processing
[2025-06-25 00:00:00] Page content processor finished
[2025-06-25 00:10:00] Starting page content processor. Mode: CLI
[2025-06-25 00:10:00] No task items need page content processing
[2025-06-25 00:10:00] Page content processor finished
[2025-06-25 00:20:00] Starting page content processor. Mode: CLI
[2025-06-25 00:20:00] No task items need page content processing
[2025-06-25 00:20:00] Page content processor finished
[2025-06-25 00:30:00] Starting page content processor. Mode: CLI
[2025-06-25 00:30:00] No task items need page content processing
[2025-06-25 00:30:00] Page content processor finished
[2025-06-25 00:40:00] Starting page content processor. Mode: CLI
[2025-06-25 00:40:00] No task items need page content processing
[2025-06-25 00:40:00] Page content processor finished
[2025-06-25 00:50:00] Starting page content processor. Mode: CLI
[2025-06-25 00:50:00] No task items need page content processing
[2025-06-25 00:50:00] Page content processor finished
[2025-06-25 01:00:00] Starting page content processor. Mode: CLI
[2025-06-25 01:00:00] No task items need page content processing
[2025-06-25 01:00:00] Page content processor finished
[2025-06-25 01:10:00] Starting page content processor. Mode: CLI
[2025-06-25 01:10:00] No task items need page content processing
[2025-06-25 01:10:00] Page content processor finished
[2025-06-25 01:20:00] Starting page content processor. Mode: CLI
[2025-06-25 01:20:00] No task items need page content processing
[2025-06-25 01:20:00] Page content processor finished
[2025-06-25 01:30:00] Starting page content processor. Mode: CLI
[2025-06-25 01:30:00] No task items need page content processing
[2025-06-25 01:30:00] Page content processor finished
[2025-06-25 01:40:00] Starting page content processor. Mode: CLI
[2025-06-25 01:40:00] No task items need page content processing
[2025-06-25 01:40:00] Page content processor finished
[2025-06-25 01:50:00] Starting page content processor. Mode: CLI
[2025-06-25 01:50:00] No task items need page content processing
[2025-06-25 01:50:00] Page content processor finished
[2025-06-25 02:00:00] Starting page content processor. Mode: CLI
[2025-06-25 02:00:00] No task items need page content processing
[2025-06-25 02:00:00] Page content processor finished
[2025-06-25 02:10:00] Starting page content processor. Mode: CLI
[2025-06-25 02:10:00] No task items need page content processing
[2025-06-25 02:10:00] Page content processor finished
[2025-06-25 02:20:00] Starting page content processor. Mode: CLI
[2025-06-25 02:20:00] No task items need page content processing
[2025-06-25 02:20:00] Page content processor finished
[2025-06-25 02:30:00] Starting page content processor. Mode: CLI
[2025-06-25 02:30:00] No task items need page content processing
[2025-06-25 02:30:00] Page content processor finished
[2025-06-25 02:40:00] Starting page content processor. Mode: CLI
[2025-06-25 02:40:00] No task items need page content processing
[2025-06-25 02:40:00] Page content processor finished
[2025-06-25 02:50:00] Starting page content processor. Mode: CLI
[2025-06-25 02:50:00] No task items need page content processing
[2025-06-25 02:50:00] Page content processor finished
[2025-06-25 03:00:00] Starting page content processor. Mode: CLI
[2025-06-25 03:00:00] No task items need page content processing
[2025-06-25 03:00:00] Page content processor finished
[2025-06-25 03:10:00] Starting page content processor. Mode: CLI
[2025-06-25 03:10:00] No task items need page content processing
[2025-06-25 03:10:00] Page content processor finished
[2025-06-25 03:20:00] Starting page content processor. Mode: CLI
[2025-06-25 03:20:00] No task items need page content processing
[2025-06-25 03:20:00] Page content processor finished
[2025-06-25 03:30:00] Starting page content processor. Mode: CLI
[2025-06-25 03:30:00] No task items need page content processing
[2025-06-25 03:30:00] Page content processor finished
[2025-06-25 03:40:00] Starting page content processor. Mode: CLI
[2025-06-25 03:40:00] No task items need page content processing
[2025-06-25 03:40:00] Page content processor finished
[2025-06-25 03:50:00] Starting page content processor. Mode: CLI
[2025-06-25 03:50:00] No task items need page content processing
[2025-06-25 03:50:00] Page content processor finished
[2025-06-25 04:00:00] Starting page content processor. Mode: CLI
[2025-06-25 04:00:00] No task items need page content processing
[2025-06-25 04:00:00] Page content processor finished
[2025-06-25 04:10:00] Starting page content processor. Mode: CLI
[2025-06-25 04:10:00] No task items need page content processing
[2025-06-25 04:10:00] Page content processor finished
[2025-06-25 04:20:00] Starting page content processor. Mode: CLI
[2025-06-25 04:20:00] No task items need page content processing
[2025-06-25 04:20:00] Page content processor finished
[2025-06-25 04:30:00] Starting page content processor. Mode: CLI
[2025-06-25 04:30:00] No task items need page content processing
[2025-06-25 04:30:00] Page content processor finished
[2025-06-25 04:40:00] Starting page content processor. Mode: CLI
[2025-06-25 04:40:00] No task items need page content processing
[2025-06-25 04:40:00] Page content processor finished
[2025-06-25 04:50:00] Starting page content processor. Mode: CLI
[2025-06-25 04:50:00] No task items need page content processing
[2025-06-25 04:50:00] Page content processor finished
[2025-06-25 05:00:00] Starting page content processor. Mode: CLI
[2025-06-25 05:00:00] No task items need page content processing
[2025-06-25 05:00:00] Page content processor finished
[2025-06-25 05:10:00] Starting page content processor. Mode: CLI
[2025-06-25 05:10:01] No task items need page content processing
[2025-06-25 05:10:01] Page content processor finished
[2025-06-25 05:20:00] Starting page content processor. Mode: CLI
[2025-06-25 05:20:00] No task items need page content processing
[2025-06-25 05:20:00] Page content processor finished
[2025-06-25 05:30:00] Starting page content processor. Mode: CLI
[2025-06-25 05:30:00] No task items need page content processing
[2025-06-25 05:30:00] Page content processor finished
[2025-06-25 05:40:00] Starting page content processor. Mode: CLI
[2025-06-25 05:40:00] No task items need page content processing
[2025-06-25 05:40:00] Page content processor finished
[2025-06-25 05:50:00] Starting page content processor. Mode: CLI
[2025-06-25 05:50:00] No task items need page content processing
[2025-06-25 05:50:00] Page content processor finished
[2025-06-25 06:00:00] Starting page content processor. Mode: CLI
[2025-06-25 06:00:00] No task items need page content processing
[2025-06-25 06:00:00] Page content processor finished
[2025-06-25 06:10:00] Starting page content processor. Mode: CLI
[2025-06-25 06:10:00] No task items need page content processing
[2025-06-25 06:10:00] Page content processor finished
[2025-06-25 06:20:00] Starting page content processor. Mode: CLI
[2025-06-25 06:20:00] No task items need page content processing
[2025-06-25 06:20:00] Page content processor finished
[2025-06-25 06:30:00] Starting page content processor. Mode: CLI
[2025-06-25 06:30:00] No task items need page content processing
[2025-06-25 06:30:00] Page content processor finished
[2025-06-25 06:40:00] Starting page content processor. Mode: CLI
[2025-06-25 06:40:00] No task items need page content processing
[2025-06-25 06:40:00] Page content processor finished
[2025-06-25 06:50:00] Starting page content processor. Mode: CLI
[2025-06-25 06:50:00] No task items need page content processing
[2025-06-25 06:50:00] Page content processor finished
[2025-06-25 07:00:00] Starting page content processor. Mode: CLI
[2025-06-25 07:00:00] No task items need page content processing
[2025-06-25 07:00:00] Page content processor finished
[2025-06-25 07:10:00] Starting page content processor. Mode: CLI
[2025-06-25 07:10:00] No task items need page content processing
[2025-06-25 07:10:00] Page content processor finished
[2025-06-25 07:20:00] Starting page content processor. Mode: CLI
[2025-06-25 07:20:00] No task items need page content processing
[2025-06-25 07:20:00] Page content processor finished
[2025-06-25 07:30:00] Starting page content processor. Mode: CLI
[2025-06-25 07:30:00] No task items need page content processing
[2025-06-25 07:30:00] Page content processor finished
[2025-06-25 07:40:00] Starting page content processor. Mode: CLI
[2025-06-25 07:40:00] Found 1 task items to process
[2025-06-25 07:40:00] Processing page content for task item ID: 91, URL: https://hrh-ig.pl/audi-q7/
[2025-06-25 07:40:00] No text extracted from https://hrh-ig.pl/audi-q7/
[2025-06-25 07:40:01] Page content processor finished
[2025-06-25 07:50:00] Starting page content processor. Mode: CLI
[2025-06-25 07:50:00] No task items need page content processing
[2025-06-25 07:50:00] Page content processor finished
[2025-06-25 08:00:00] Starting page content processor. Mode: CLI
[2025-06-25 08:00:00] No task items need page content processing
[2025-06-25 08:00:00] Page content processor finished
[2025-06-25 08:10:00] Starting page content processor. Mode: CLI
[2025-06-25 08:10:00] No task items need page content processing
[2025-06-25 08:10:00] Page content processor finished
[2025-06-25 08:20:00] Starting page content processor. Mode: CLI
[2025-06-25 08:20:00] No task items need page content processing
[2025-06-25 08:20:00] Page content processor finished
[2025-06-25 08:30:00] Starting page content processor. Mode: CLI
[2025-06-25 08:30:00] No task items need page content processing
[2025-06-25 08:30:00] Page content processor finished
[2025-06-25 08:36:55] Starting page content processor. Mode: WWW
[2025-06-25 08:36:55] Found 10 task items to process
[2025-06-25 08:36:55] Processing page content for task item ID: 92, URL: https://www.ladnefelgi.pl/felgi-aluminiowe-17-cali-5x127
[2025-06-25 08:36:56] Successfully fetched content for https://www.ladnefelgi.pl/felgi-aluminiowe-17-cali-5x127 (15 characters)
[2025-06-25 08:36:57] Processing page content for task item ID: 93, URL: https://www.ladnefelgi.pl/felgi-aluminiowe-17-cali-5x114.3
[2025-06-25 08:36:58] No text extracted from https://www.ladnefelgi.pl/felgi-aluminiowe-17-cali-5x114.3
[2025-06-25 08:36:59] Processing page content for task item ID: 94, URL: https://www.ladnefelgi.pl/felgi-aluminiowe-17-cali-5x105
[2025-06-25 08:37:00] No text extracted from https://www.ladnefelgi.pl/felgi-aluminiowe-17-cali-5x105
[2025-06-25 08:37:01] Processing page content for task item ID: 95, URL: https://www.ladnefelgi.pl/felgi-aluminiowe-17-cali-5x120
[2025-06-25 08:37:02] Successfully fetched content for https://www.ladnefelgi.pl/felgi-aluminiowe-17-cali-5x120 (8 characters)
[2025-06-25 08:37:03] Processing page content for task item ID: 96, URL: https://www.ladnefelgi.pl/felgi-aluminiowe-17-cali-5x108
[2025-06-25 08:37:04] Successfully fetched content for https://www.ladnefelgi.pl/felgi-aluminiowe-17-cali-5x108 (8 characters)
[2025-06-25 08:37:05] Processing page content for task item ID: 97, URL: https://www.ladnefelgi.pl/felgi-aluminiowe-17-cali-5x100
[2025-06-25 08:37:07] No text extracted from https://www.ladnefelgi.pl/felgi-aluminiowe-17-cali-5x100
[2025-06-25 08:37:08] Processing page content for task item ID: 98, URL: https://www.ladnefelgi.pl/felgi-aluminiowe-15-cali-5x100
[2025-06-25 08:37:09] No text extracted from https://www.ladnefelgi.pl/felgi-aluminiowe-15-cali-5x100
[2025-06-25 08:37:10] Processing page content for task item ID: 99, URL: https://www.ladnefelgi.pl/felgi-aluminiowe-17-cali-5x127
[2025-06-25 08:37:10] Successfully fetched content for https://www.ladnefelgi.pl/felgi-aluminiowe-17-cali-5x127 (15 characters)
[2025-06-25 08:37:11] Processing page content for task item ID: 100, URL: https://www.ladnefelgi.pl/felgi-aluminiowe-17-cali-5x114.3
[2025-06-25 08:37:11] No text extracted from https://www.ladnefelgi.pl/felgi-aluminiowe-17-cali-5x114.3
[2025-06-25 08:37:12] Processing page content for task item ID: 101, URL: https://www.ladnefelgi.pl/felgi-aluminiowe-17-cali-5x105
[2025-06-25 08:37:13] No text extracted from https://www.ladnefelgi.pl/felgi-aluminiowe-17-cali-5x105
[2025-06-25 08:37:14] Page content processor finished
[2025-06-25 08:37:36] Starting page content processor. Mode: WWW
[2025-06-25 08:37:36] Found 4 task items to process
[2025-06-25 08:37:36] Processing page content for task item ID: 102, URL: https://www.ladnefelgi.pl/felgi-aluminiowe-17-cali-5x120
[2025-06-25 08:37:36] Successfully fetched content for https://www.ladnefelgi.pl/felgi-aluminiowe-17-cali-5x120 (8 characters)
[2025-06-25 08:37:37] Processing page content for task item ID: 103, URL: https://www.ladnefelgi.pl/felgi-aluminiowe-17-cali-5x108
[2025-06-25 08:37:37] Successfully fetched content for https://www.ladnefelgi.pl/felgi-aluminiowe-17-cali-5x108 (8 characters)
[2025-06-25 08:37:38] Processing page content for task item ID: 104, URL: https://www.ladnefelgi.pl/felgi-aluminiowe-17-cali-5x100
[2025-06-25 08:37:39] No text extracted from https://www.ladnefelgi.pl/felgi-aluminiowe-17-cali-5x100
[2025-06-25 08:37:40] Processing page content for task item ID: 105, URL: https://www.ladnefelgi.pl/felgi-aluminiowe-15-cali-5x100
[2025-06-25 08:37:40] No text extracted from https://www.ladnefelgi.pl/felgi-aluminiowe-15-cali-5x100
[2025-06-25 08:37:41] Page content processor finished
[2025-06-25 08:40:00] Starting page content processor. Mode: CLI
[2025-06-25 08:40:00] No task items need page content processing
[2025-06-25 08:40:00] Page content processor finished
[2025-06-25 08:50:00] Starting page content processor. Mode: CLI
[2025-06-25 08:50:00] No task items need page content processing
[2025-06-25 08:50:00] Page content processor finished
[2025-06-25 09:00:00] Starting page content processor. Mode: CLI
[2025-06-25 09:00:00] No task items need page content processing
[2025-06-25 09:00:00] Page content processor finished
[2025-06-25 09:10:00] Starting page content processor. Mode: CLI
[2025-06-25 09:10:00] No task items need page content processing
[2025-06-25 09:10:00] Page content processor finished
[2025-06-25 09:20:00] Starting page content processor. Mode: CLI
[2025-06-25 09:20:00] No task items need page content processing
[2025-06-25 09:20:00] Page content processor finished
[2025-06-25 09:30:00] Starting page content processor. Mode: CLI
[2025-06-25 09:30:00] No task items need page content processing
[2025-06-25 09:30:00] Page content processor finished
[2025-06-25 09:40:00] Starting page content processor. Mode: CLI
[2025-06-25 09:40:00] No task items need page content processing
[2025-06-25 09:40:00] Page content processor finished
[2025-06-25 09:50:00] Starting page content processor. Mode: CLI
[2025-06-25 09:50:00] No task items need page content processing
[2025-06-25 09:50:00] Page content processor finished
[2025-06-25 10:00:00] Starting page content processor. Mode: CLI
[2025-06-25 10:00:00] No task items need page content processing
[2025-06-25 10:00:00] Page content processor finished
[2025-06-25 10:10:00] Starting page content processor. Mode: CLI
[2025-06-25 10:10:00] No task items need page content processing
[2025-06-25 10:10:00] Page content processor finished
[2025-06-25 10:20:00] Starting page content processor. Mode: CLI
[2025-06-25 10:20:00] No task items need page content processing
[2025-06-25 10:20:00] Page content processor finished
[2025-06-25 10:30:00] Starting page content processor. Mode: CLI
[2025-06-25 10:30:00] No task items need page content processing
[2025-06-25 10:30:00] Page content processor finished
[2025-06-25 10:40:00] Starting page content processor. Mode: CLI
[2025-06-25 10:40:00] No task items need page content processing
[2025-06-25 10:40:00] Page content processor finished
[2025-06-25 10:50:00] Starting page content processor. Mode: CLI
[2025-06-25 10:50:00] No task items need page content processing
[2025-06-25 10:50:00] Page content processor finished
[2025-06-25 11:00:00] Starting page content processor. Mode: CLI
[2025-06-25 11:00:00] No task items need page content processing
[2025-06-25 11:00:00] Page content processor finished
[2025-06-25 11:10:00] Starting page content processor. Mode: CLI
[2025-06-25 11:10:00] No task items need page content processing
[2025-06-25 11:10:00] Page content processor finished
[2025-06-25 11:20:00] Starting page content processor. Mode: CLI
[2025-06-25 11:20:00] No task items need page content processing
[2025-06-25 11:20:00] Page content processor finished
[2025-06-25 11:30:00] Starting page content processor. Mode: CLI
[2025-06-25 11:30:00] No task items need page content processing
[2025-06-25 11:30:00] Page content processor finished
[2025-06-25 11:40:00] Starting page content processor. Mode: CLI
[2025-06-25 11:40:00] No task items need page content processing
[2025-06-25 11:40:00] Page content processor finished
[2025-06-25 11:50:00] Starting page content processor. Mode: CLI
[2025-06-25 11:50:00] No task items need page content processing
[2025-06-25 11:50:00] Page content processor finished
[2025-06-25 12:00:00] Starting page content processor. Mode: CLI
[2025-06-25 12:00:00] No task items need page content processing
[2025-06-25 12:00:00] Page content processor finished
[2025-06-25 12:05:31] Starting page content processor. Mode: WWW
[2025-06-25 12:05:31] Found 7 task items to process
[2025-06-25 12:05:31] Processing page content for task item ID: 127, URL: https://www.ladnefelgi.pl/felgi-aluminiowe-17-cali-5x127
[2025-06-25 12:05:32] Successfully fetched content for https://www.ladnefelgi.pl/felgi-aluminiowe-17-cali-5x127 (15 characters)
[2025-06-25 12:05:33] Processing page content for task item ID: 128, URL: https://www.ladnefelgi.pl/felgi-aluminiowe-17-cali-5x114.3
[2025-06-25 12:05:34] No text extracted from https://www.ladnefelgi.pl/felgi-aluminiowe-17-cali-5x114.3
[2025-06-25 12:05:35] Processing page content for task item ID: 129, URL: https://www.ladnefelgi.pl/felgi-aluminiowe-17-cali-5x105
[2025-06-25 12:05:36] No text extracted from https://www.ladnefelgi.pl/felgi-aluminiowe-17-cali-5x105
[2025-06-25 12:05:37] Processing page content for task item ID: 130, URL: https://www.ladnefelgi.pl/felgi-aluminiowe-17-cali-5x120
[2025-06-25 12:05:38] Successfully fetched content for https://www.ladnefelgi.pl/felgi-aluminiowe-17-cali-5x120 (8 characters)
[2025-06-25 12:05:39] Processing page content for task item ID: 131, URL: https://www.ladnefelgi.pl/felgi-aluminiowe-17-cali-5x108
[2025-06-25 12:05:40] Successfully fetched content for https://www.ladnefelgi.pl/felgi-aluminiowe-17-cali-5x108 (8 characters)
[2025-06-25 12:05:41] Processing page content for task item ID: 132, URL: https://www.ladnefelgi.pl/felgi-aluminiowe-17-cali-5x100
[2025-06-25 12:05:42] No text extracted from https://www.ladnefelgi.pl/felgi-aluminiowe-17-cali-5x100
[2025-06-25 12:05:43] Processing page content for task item ID: 133, URL: https://www.ladnefelgi.pl/felgi-aluminiowe-15-cali-5x100
[2025-06-25 12:05:44] No text extracted from https://www.ladnefelgi.pl/felgi-aluminiowe-15-cali-5x100
[2025-06-25 12:05:45] Page content processor finished
[2025-06-25 12:05:57] Starting page content processor. Mode: WWW
[2025-06-25 12:05:57] No task items need page content processing
[2025-06-25 12:05:57] Page content processor finished
[2025-06-25 12:10:00] Starting page content processor. Mode: CLI
[2025-06-25 12:10:00] No task items need page content processing
[2025-06-25 12:10:00] Page content processor finished
[2025-06-25 12:20:00] Starting page content processor. Mode: CLI
[2025-06-25 12:20:00] No task items need page content processing
[2025-06-25 12:20:00] Page content processor finished
[2025-06-25 12:30:00] Starting page content processor. Mode: CLI
[2025-06-25 12:30:00] No task items need page content processing
[2025-06-25 12:30:00] Page content processor finished
[2025-06-25 12:40:00] Starting page content processor. Mode: CLI
[2025-06-25 12:40:00] No task items need page content processing
[2025-06-25 12:40:00] Page content processor finished
[2025-06-25 12:50:00] Starting page content processor. Mode: CLI
[2025-06-25 12:50:00] No task items need page content processing
[2025-06-25 12:50:00] Page content processor finished
[2025-06-25 13:00:00] Starting page content processor. Mode: CLI
[2025-06-25 13:00:00] No task items need page content processing
[2025-06-25 13:00:00] Page content processor finished
[2025-06-25 13:10:00] Starting page content processor. Mode: CLI
[2025-06-25 13:10:00] No task items need page content processing
[2025-06-25 13:10:00] Page content processor finished
[2025-06-25 13:20:00] Starting page content processor. Mode: CLI
[2025-06-25 13:20:00] No task items need page content processing
[2025-06-25 13:20:00] Page content processor finished
[2025-06-25 13:30:00] Starting page content processor. Mode: CLI
[2025-06-25 13:30:00] No task items need page content processing
[2025-06-25 13:30:00] Page content processor finished
[2025-06-25 13:40:00] Starting page content processor. Mode: CLI
[2025-06-25 13:40:00] No task items need page content processing
[2025-06-25 13:40:00] Page content processor finished
[2025-06-25 13:50:00] Starting page content processor. Mode: CLI
[2025-06-25 13:50:00] No task items need page content processing
[2025-06-25 13:50:00] Page content processor finished
[2025-06-25 14:00:00] Starting page content processor. Mode: CLI
[2025-06-25 14:00:00] No task items need page content processing
[2025-06-25 14:00:00] Page content processor finished
[2025-06-25 14:10:00] Starting page content processor. Mode: CLI
[2025-06-25 14:10:00] No task items need page content processing
[2025-06-25 14:10:00] Page content processor finished
[2025-06-25 14:20:00] Starting page content processor. Mode: CLI
[2025-06-25 14:20:00] No task items need page content processing
[2025-06-25 14:20:00] Page content processor finished
[2025-06-25 14:30:00] Starting page content processor. Mode: CLI
[2025-06-25 14:30:00] No task items need page content processing
[2025-06-25 14:30:00] Page content processor finished
[2025-06-25 14:40:00] Starting page content processor. Mode: CLI
[2025-06-25 14:40:00] No task items need page content processing
[2025-06-25 14:40:00] Page content processor finished
[2025-06-25 14:50:00] Starting page content processor. Mode: CLI
[2025-06-25 14:50:00] No task items need page content processing
[2025-06-25 14:50:00] Page content processor finished
[2025-06-25 15:00:00] Starting page content processor. Mode: CLI
[2025-06-25 15:00:00] No task items need page content processing
[2025-06-25 15:00:00] Page content processor finished
[2025-06-25 15:10:00] Starting page content processor. Mode: CLI
[2025-06-25 15:10:00] No task items need page content processing
[2025-06-25 15:10:00] Page content processor finished
[2025-06-25 15:15:00] Starting page content processor. Mode: WWW
[2025-06-25 15:15:00] Found 2 task items to process
[2025-06-25 15:15:00] Processing page content for task item ID: 134, URL: https://nexun.pl/pl/producers/mitas-1744614295.html
[2025-06-25 15:15:01] No text extracted from https://nexun.pl/pl/producers/mitas-1744614295.html
[2025-06-25 15:15:02] Processing page content for task item ID: 135, URL: https://nexun.pl/pl/producers/kenda-1741774293.html
[2025-06-25 15:15:02] No text extracted from https://nexun.pl/pl/producers/kenda-1741774293.html
[2025-06-25 15:15:03] Page content processor finished
[2025-06-25 15:16:57] Starting page content processor. Mode: WWW
[2025-06-25 15:16:57] No task items need page content processing
[2025-06-25 15:16:57] Page content processor finished
[2025-06-25 15:20:01] Starting page content processor. Mode: CLI
[2025-06-25 15:20:01] No task items need page content processing
[2025-06-25 15:20:01] Page content processor finished
[2025-06-25 15:22:55] Starting page content processor. Mode: WWW
[2025-06-25 15:22:55] Found 2 task items to process
[2025-06-25 15:22:55] Processing page content for task item ID: 136, URL: https://nexun.pl/pl/producers/mitas-1744614295.html
[2025-06-25 15:22:56] Successfully fetched content for https://nexun.pl/pl/producers/mitas-1744614295.html (20003 characters)
[2025-06-25 15:22:57] Processing page content for task item ID: 137, URL: https://nexun.pl/pl/producers/kenda-1741774293.html
[2025-06-25 15:22:57] Successfully fetched content for https://nexun.pl/pl/producers/kenda-1741774293.html (20003 characters)
[2025-06-25 15:22:58] Page content processor finished
[2025-06-25 15:30:00] Starting page content processor. Mode: CLI
[2025-06-25 15:30:00] No task items need page content processing
[2025-06-25 15:30:00] Page content processor finished
[2025-06-25 15:34:30] Starting page content processor. Mode: WWW
[2025-06-25 15:34:30] Found 2 task items to process
[2025-06-25 15:34:30] Processing page content for task item ID: 138, URL: https://nexun.pl/pl/producers/mitas-1744614295.html
[2025-06-25 15:34:30] Successfully fetched content for https://nexun.pl/pl/producers/mitas-1744614295.html (3088 characters)
[2025-06-25 15:34:31] Processing page content for task item ID: 139, URL: https://nexun.pl/pl/producers/kenda-1741774293.html
[2025-06-25 15:34:32] Successfully fetched content for https://nexun.pl/pl/producers/kenda-1741774293.html (3998 characters)
[2025-06-25 15:34:33] Page content processor finished
[2025-06-25 15:40:00] Starting page content processor. Mode: CLI
[2025-06-25 15:40:00] No task items need page content processing
[2025-06-25 15:40:00] Page content processor finished
[2025-06-25 15:50:00] Starting page content processor. Mode: CLI
[2025-06-25 15:50:00] No task items need page content processing
[2025-06-25 15:50:00] Page content processor finished
[2025-06-25 16:00:00] Starting page content processor. Mode: CLI
[2025-06-25 16:00:00] No task items need page content processing
[2025-06-25 16:00:00] Page content processor finished
[2025-06-25 16:10:00] Starting page content processor. Mode: CLI
[2025-06-25 16:10:00] No task items need page content processing
[2025-06-25 16:10:00] Page content processor finished
[2025-06-25 16:20:00] Starting page content processor. Mode: CLI
[2025-06-25 16:20:00] No task items need page content processing
[2025-06-25 16:20:00] Page content processor finished
[2025-06-25 16:30:00] Starting page content processor. Mode: CLI
[2025-06-25 16:30:00] No task items need page content processing
[2025-06-25 16:30:00] Page content processor finished
[2025-06-25 16:40:00] Starting page content processor. Mode: CLI
[2025-06-25 16:40:00] No task items need page content processing
[2025-06-25 16:40:00] Page content processor finished
[2025-06-25 16:50:00] Starting page content processor. Mode: CLI
[2025-06-25 16:50:00] No task items need page content processing
[2025-06-25 16:50:00] Page content processor finished
[2025-06-25 17:00:00] Starting page content processor. Mode: CLI
[2025-06-25 17:00:00] No task items need page content processing
[2025-06-25 17:00:00] Page content processor finished
[2025-06-25 17:10:00] Starting page content processor. Mode: CLI
[2025-06-25 17:10:00] No task items need page content processing
[2025-06-25 17:10:00] Page content processor finished
[2025-06-25 17:20:00] Starting page content processor. Mode: CLI
[2025-06-25 17:20:00] No task items need page content processing
[2025-06-25 17:20:00] Page content processor finished
[2025-06-25 17:30:00] Starting page content processor. Mode: CLI
[2025-06-25 17:30:00] No task items need page content processing
[2025-06-25 17:30:00] Page content processor finished
[2025-06-25 17:40:00] Starting page content processor. Mode: CLI
[2025-06-25 17:40:00] No task items need page content processing
[2025-06-25 17:40:00] Page content processor finished
[2025-06-25 17:50:00] Starting page content processor. Mode: CLI
[2025-06-25 17:50:00] No task items need page content processing
[2025-06-25 17:50:00] Page content processor finished
[2025-06-25 18:00:00] Starting page content processor. Mode: CLI
[2025-06-25 18:00:00] No task items need page content processing
[2025-06-25 18:00:00] Page content processor finished
[2025-06-25 18:10:00] Starting page content processor. Mode: CLI
[2025-06-25 18:10:00] No task items need page content processing
[2025-06-25 18:10:00] Page content processor finished
[2025-06-25 18:20:00] Starting page content processor. Mode: CLI
[2025-06-25 18:20:00] No task items need page content processing
[2025-06-25 18:20:00] Page content processor finished
[2025-06-25 18:30:00] Starting page content processor. Mode: CLI
[2025-06-25 18:30:00] No task items need page content processing
[2025-06-25 18:30:00] Page content processor finished
[2025-06-25 18:40:00] Starting page content processor. Mode: CLI
[2025-06-25 18:40:00] No task items need page content processing
[2025-06-25 18:40:00] Page content processor finished
[2025-06-25 18:50:00] Starting page content processor. Mode: CLI
[2025-06-25 18:50:00] No task items need page content processing
[2025-06-25 18:50:00] Page content processor finished
[2025-06-25 19:00:00] Starting page content processor. Mode: CLI
[2025-06-25 19:00:00] No task items need page content processing
[2025-06-25 19:00:00] Page content processor finished
[2025-06-25 19:10:00] Starting page content processor. Mode: CLI
[2025-06-25 19:10:00] No task items need page content processing
[2025-06-25 19:10:00] Page content processor finished
[2025-06-25 19:20:00] Starting page content processor. Mode: CLI
[2025-06-25 19:20:00] No task items need page content processing
[2025-06-25 19:20:00] Page content processor finished
[2025-06-25 19:30:00] Starting page content processor. Mode: CLI
[2025-06-25 19:30:00] No task items need page content processing
[2025-06-25 19:30:00] Page content processor finished
[2025-06-25 19:40:00] Starting page content processor. Mode: CLI
[2025-06-25 19:40:00] No task items need page content processing
[2025-06-25 19:40:00] Page content processor finished
[2025-06-25 19:50:00] Starting page content processor. Mode: CLI
[2025-06-25 19:50:00] No task items need page content processing
[2025-06-25 19:50:00] Page content processor finished
[2025-06-25 20:00:00] Starting page content processor. Mode: CLI
[2025-06-25 20:00:00] No task items need page content processing
[2025-06-25 20:00:00] Page content processor finished
[2025-06-25 20:10:00] Starting page content processor. Mode: CLI
[2025-06-25 20:10:00] No task items need page content processing
[2025-06-25 20:10:00] Page content processor finished
[2025-06-25 20:20:00] Starting page content processor. Mode: CLI
[2025-06-25 20:20:00] No task items need page content processing
[2025-06-25 20:20:00] Page content processor finished
[2025-06-25 20:30:00] Starting page content processor. Mode: CLI
[2025-06-25 20:30:00] No task items need page content processing
[2025-06-25 20:30:00] Page content processor finished
[2025-06-25 20:40:00] Starting page content processor. Mode: CLI
[2025-06-25 20:40:00] No task items need page content processing
[2025-06-25 20:40:00] Page content processor finished
[2025-06-25 20:50:00] Starting page content processor. Mode: CLI
[2025-06-25 20:50:00] No task items need page content processing
[2025-06-25 20:50:00] Page content processor finished
[2025-06-25 21:00:00] Starting page content processor. Mode: CLI
[2025-06-25 21:00:00] No task items need page content processing
[2025-06-25 21:00:00] Page content processor finished
[2025-06-25 21:10:00] Starting page content processor. Mode: CLI
[2025-06-25 21:10:00] No task items need page content processing
[2025-06-25 21:10:00] Page content processor finished
[2025-06-25 21:20:00] Starting page content processor. Mode: CLI
[2025-06-25 21:20:00] No task items need page content processing
[2025-06-25 21:20:00] Page content processor finished
[2025-06-25 21:30:00] Starting page content processor. Mode: CLI
[2025-06-25 21:30:00] No task items need page content processing
[2025-06-25 21:30:00] Page content processor finished
[2025-06-25 21:40:00] Starting page content processor. Mode: CLI
[2025-06-25 21:40:00] No task items need page content processing
[2025-06-25 21:40:00] Page content processor finished
[2025-06-25 21:50:00] Starting page content processor. Mode: CLI
[2025-06-25 21:50:00] No task items need page content processing
[2025-06-25 21:50:00] Page content processor finished
[2025-06-25 22:00:00] Starting page content processor. Mode: CLI
[2025-06-25 22:00:00] No task items need page content processing
[2025-06-25 22:00:00] Page content processor finished
[2025-06-25 22:10:00] Starting page content processor. Mode: CLI
[2025-06-25 22:10:00] No task items need page content processing
[2025-06-25 22:10:00] Page content processor finished
[2025-06-25 22:20:00] Starting page content processor. Mode: CLI
[2025-06-25 22:20:00] No task items need page content processing
[2025-06-25 22:20:00] Page content processor finished
[2025-06-25 22:30:00] Starting page content processor. Mode: CLI
[2025-06-25 22:30:00] No task items need page content processing
[2025-06-25 22:30:00] Page content processor finished
[2025-06-25 22:40:00] Starting page content processor. Mode: CLI
[2025-06-25 22:40:00] No task items need page content processing
[2025-06-25 22:40:00] Page content processor finished
[2025-06-25 22:50:00] Starting page content processor. Mode: CLI
[2025-06-25 22:50:00] No task items need page content processing
[2025-06-25 22:50:00] Page content processor finished
[2025-06-25 23:00:00] Starting page content processor. Mode: CLI
[2025-06-25 23:00:00] No task items need page content processing
[2025-06-25 23:00:00] Page content processor finished
[2025-06-25 23:10:00] Starting page content processor. Mode: CLI
[2025-06-25 23:10:00] No task items need page content processing
[2025-06-25 23:10:00] Page content processor finished
[2025-06-25 23:20:00] Starting page content processor. Mode: CLI
[2025-06-25 23:20:00] No task items need page content processing
[2025-06-25 23:20:00] Page content processor finished
[2025-06-25 23:30:00] Starting page content processor. Mode: CLI
[2025-06-25 23:30:00] No task items need page content processing
[2025-06-25 23:30:00] Page content processor finished
[2025-06-25 23:40:00] Starting page content processor. Mode: CLI
[2025-06-25 23:40:00] No task items need page content processing
[2025-06-25 23:40:00] Page content processor finished
[2025-06-25 23:50:00] Starting page content processor. Mode: CLI
[2025-06-25 23:50:00] No task items need page content processing
[2025-06-25 23:50:00] Page content processor finished
