[2025-06-26 00:00:00] Starting page content processor. Mode: CLI
[2025-06-26 00:00:00] No task items need page content processing
[2025-06-26 00:00:00] Page content processor finished
[2025-06-26 00:10:00] Starting page content processor. Mode: CLI
[2025-06-26 00:10:00] No task items need page content processing
[2025-06-26 00:10:00] Page content processor finished
[2025-06-26 00:20:00] Starting page content processor. Mode: CLI
[2025-06-26 00:20:00] No task items need page content processing
[2025-06-26 00:20:00] Page content processor finished
[2025-06-26 00:30:00] Starting page content processor. Mode: CLI
[2025-06-26 00:30:00] No task items need page content processing
[2025-06-26 00:30:00] Page content processor finished
[2025-06-26 00:40:00] Starting page content processor. Mode: CLI
[2025-06-26 00:40:00] No task items need page content processing
[2025-06-26 00:40:00] Page content processor finished
[2025-06-26 00:50:00] Starting page content processor. Mode: CLI
[2025-06-26 00:50:00] No task items need page content processing
[2025-06-26 00:50:00] Page content processor finished
[2025-06-26 01:00:00] Starting page content processor. Mode: CLI
[2025-06-26 01:00:00] No task items need page content processing
[2025-06-26 01:00:00] Page content processor finished
[2025-06-26 01:10:00] Starting page content processor. Mode: CLI
[2025-06-26 01:10:00] No task items need page content processing
[2025-06-26 01:10:00] Page content processor finished
[2025-06-26 01:20:00] Starting page content processor. Mode: CLI
[2025-06-26 01:20:00] No task items need page content processing
[2025-06-26 01:20:00] Page content processor finished
[2025-06-26 01:30:00] Starting page content processor. Mode: CLI
[2025-06-26 01:30:00] No task items need page content processing
[2025-06-26 01:30:00] Page content processor finished
[2025-06-26 01:40:00] Starting page content processor. Mode: CLI
[2025-06-26 01:40:00] No task items need page content processing
[2025-06-26 01:40:00] Page content processor finished
[2025-06-26 01:50:00] Starting page content processor. Mode: CLI
[2025-06-26 01:50:00] No task items need page content processing
[2025-06-26 01:50:00] Page content processor finished
[2025-06-26 02:00:00] Starting page content processor. Mode: CLI
[2025-06-26 02:00:00] No task items need page content processing
[2025-06-26 02:00:00] Page content processor finished
[2025-06-26 02:10:00] Starting page content processor. Mode: CLI
[2025-06-26 02:10:00] No task items need page content processing
[2025-06-26 02:10:00] Page content processor finished
[2025-06-26 02:20:00] Starting page content processor. Mode: CLI
[2025-06-26 02:20:00] No task items need page content processing
[2025-06-26 02:20:00] Page content processor finished
[2025-06-26 02:30:00] Starting page content processor. Mode: CLI
[2025-06-26 02:30:00] No task items need page content processing
[2025-06-26 02:30:00] Page content processor finished
[2025-06-26 02:40:00] Starting page content processor. Mode: CLI
[2025-06-26 02:40:00] No task items need page content processing
[2025-06-26 02:40:00] Page content processor finished
[2025-06-26 02:50:00] Starting page content processor. Mode: CLI
[2025-06-26 02:50:00] No task items need page content processing
[2025-06-26 02:50:00] Page content processor finished
[2025-06-26 03:00:00] Starting page content processor. Mode: CLI
[2025-06-26 03:00:00] No task items need page content processing
[2025-06-26 03:00:00] Page content processor finished
[2025-06-26 03:10:00] Starting page content processor. Mode: CLI
[2025-06-26 03:10:00] No task items need page content processing
[2025-06-26 03:10:00] Page content processor finished
[2025-06-26 03:20:00] Starting page content processor. Mode: CLI
[2025-06-26 03:20:00] No task items need page content processing
[2025-06-26 03:20:00] Page content processor finished
[2025-06-26 03:30:00] Starting page content processor. Mode: CLI
[2025-06-26 03:30:00] No task items need page content processing
[2025-06-26 03:30:00] Page content processor finished
[2025-06-26 03:40:00] Starting page content processor. Mode: CLI
[2025-06-26 03:40:00] No task items need page content processing
[2025-06-26 03:40:00] Page content processor finished
[2025-06-26 03:50:00] Starting page content processor. Mode: CLI
[2025-06-26 03:50:00] No task items need page content processing
[2025-06-26 03:50:00] Page content processor finished
[2025-06-26 04:00:00] Starting page content processor. Mode: CLI
[2025-06-26 04:00:00] No task items need page content processing
[2025-06-26 04:00:00] Page content processor finished
[2025-06-26 04:10:00] Starting page content processor. Mode: CLI
[2025-06-26 04:10:00] No task items need page content processing
[2025-06-26 04:10:00] Page content processor finished
[2025-06-26 04:20:00] Starting page content processor. Mode: CLI
[2025-06-26 04:20:00] No task items need page content processing
[2025-06-26 04:20:00] Page content processor finished
[2025-06-26 04:30:00] Starting page content processor. Mode: CLI
[2025-06-26 04:30:00] No task items need page content processing
[2025-06-26 04:30:00] Page content processor finished
[2025-06-26 04:40:00] Starting page content processor. Mode: CLI
[2025-06-26 04:40:00] No task items need page content processing
[2025-06-26 04:40:00] Page content processor finished
[2025-06-26 04:50:00] Starting page content processor. Mode: CLI
[2025-06-26 04:50:00] No task items need page content processing
[2025-06-26 04:50:00] Page content processor finished
[2025-06-26 05:00:00] Starting page content processor. Mode: CLI
[2025-06-26 05:00:00] No task items need page content processing
[2025-06-26 05:00:00] Page content processor finished
[2025-06-26 05:10:00] Starting page content processor. Mode: CLI
[2025-06-26 05:10:00] No task items need page content processing
[2025-06-26 05:10:00] Page content processor finished
[2025-06-26 05:20:00] Starting page content processor. Mode: CLI
[2025-06-26 05:20:00] No task items need page content processing
[2025-06-26 05:20:00] Page content processor finished
[2025-06-26 05:30:00] Starting page content processor. Mode: CLI
[2025-06-26 05:30:00] No task items need page content processing
[2025-06-26 05:30:00] Page content processor finished
[2025-06-26 05:40:00] Starting page content processor. Mode: CLI
[2025-06-26 05:40:00] No task items need page content processing
[2025-06-26 05:40:00] Page content processor finished
[2025-06-26 05:50:00] Starting page content processor. Mode: CLI
[2025-06-26 05:50:00] No task items need page content processing
[2025-06-26 05:50:00] Page content processor finished
[2025-06-26 06:00:00] Starting page content processor. Mode: CLI
[2025-06-26 06:00:00] No task items need page content processing
[2025-06-26 06:00:00] Page content processor finished
[2025-06-26 06:10:00] Starting page content processor. Mode: CLI
[2025-06-26 06:10:00] No task items need page content processing
[2025-06-26 06:10:00] Page content processor finished
[2025-06-26 06:20:00] Starting page content processor. Mode: CLI
[2025-06-26 06:20:00] No task items need page content processing
[2025-06-26 06:20:00] Page content processor finished
[2025-06-26 06:30:00] Starting page content processor. Mode: CLI
[2025-06-26 06:30:00] No task items need page content processing
[2025-06-26 06:30:00] Page content processor finished
[2025-06-26 06:40:00] Starting page content processor. Mode: CLI
[2025-06-26 06:40:00] No task items need page content processing
[2025-06-26 06:40:00] Page content processor finished
[2025-06-26 06:50:00] Starting page content processor. Mode: CLI
[2025-06-26 06:50:00] No task items need page content processing
[2025-06-26 06:50:00] Page content processor finished
[2025-06-26 07:00:00] Starting page content processor. Mode: CLI
[2025-06-26 07:00:00] No task items need page content processing
[2025-06-26 07:00:00] Page content processor finished
[2025-06-26 07:10:00] Starting page content processor. Mode: CLI
[2025-06-26 07:10:00] No task items need page content processing
[2025-06-26 07:10:00] Page content processor finished
[2025-06-26 07:20:00] Starting page content processor. Mode: CLI
[2025-06-26 07:20:00] No task items need page content processing
[2025-06-26 07:20:00] Page content processor finished
[2025-06-26 07:30:00] Starting page content processor. Mode: CLI
[2025-06-26 07:30:00] Found 6 task items to process
[2025-06-26 07:30:00] Processing page content for task item ID: 140, URL: https://magnes.com.pl/tra-pol-3018-Lateksowa-na-bazie-wody.html
[2025-06-26 07:30:01] Successfully fetched content for https://magnes.com.pl/tra-pol-3018-Lateksowa-na-bazie-wody.html (6026 characters)
[2025-06-26 07:30:02] Processing page content for task item ID: 142, URL: https://magnes.com.pl/tra-pol-1036-500Kg.html
[2025-06-26 07:30:02] Successfully fetched content for https://magnes.com.pl/tra-pol-1036-500Kg.html (5675 characters)
[2025-06-26 07:30:03] Processing page content for task item ID: 143, URL: https://magnes.com.pl/tra-pol-1535-250Kg.html
[2025-06-26 07:30:04] Successfully fetched content for https://magnes.com.pl/tra-pol-1535-250Kg.html (5953 characters)
[2025-06-26 07:30:05] Processing page content for task item ID: 144, URL: https://magnes.com.pl/tra-pol-1534-150Kg.html
[2025-06-26 07:30:05] Successfully fetched content for https://magnes.com.pl/tra-pol-1534-150Kg.html (5953 characters)
[2025-06-26 07:30:06] Processing page content for task item ID: 145, URL: https://magnes.com.pl/tra-pol-3155-100-kg.html
[2025-06-26 07:30:07] Successfully fetched content for https://magnes.com.pl/tra-pol-3155-100-kg.html (5461 characters)
[2025-06-26 07:30:08] Processing page content for task item ID: 146, URL: https://magnes.com.pl/tra-pol-1537-300Kg.html
[2025-06-26 07:30:08] Successfully fetched content for https://magnes.com.pl/tra-pol-1537-300Kg.html (6398 characters)
[2025-06-26 07:30:09] Page content processor finished
[2025-06-26 07:40:00] Starting page content processor. Mode: CLI
[2025-06-26 07:40:00] No task items need page content processing
[2025-06-26 07:40:00] Page content processor finished
[2025-06-26 07:50:00] Starting page content processor. Mode: CLI
[2025-06-26 07:50:00] No task items need page content processing
[2025-06-26 07:50:00] Page content processor finished
[2025-06-26 08:00:00] Starting page content processor. Mode: CLI
[2025-06-26 08:00:00] No task items need page content processing
[2025-06-26 08:00:00] Page content processor finished
[2025-06-26 08:10:00] Starting page content processor. Mode: CLI
[2025-06-26 08:10:00] Found 10 task items to process
[2025-06-26 08:10:00] Processing page content for task item ID: 147, URL: https://magnes.com.pl/tra-pol-1535-250Kg.html
[2025-06-26 08:10:00] Successfully fetched content for https://magnes.com.pl/tra-pol-1535-250Kg.html (5953 characters)
[2025-06-26 08:10:01] Processing page content for task item ID: 148, URL: https://magnes.com.pl/tra-pol-1534-150Kg.html
[2025-06-26 08:10:02] Successfully fetched content for https://magnes.com.pl/tra-pol-1534-150Kg.html (5953 characters)
[2025-06-26 08:10:03] Processing page content for task item ID: 149, URL: https://magnes.com.pl/tra-pol-3155-100-kg.html
[2025-06-26 08:10:04] Successfully fetched content for https://magnes.com.pl/tra-pol-3155-100-kg.html (5461 characters)
[2025-06-26 08:10:05] Processing page content for task item ID: 150, URL: https://magnes.com.pl/tra-pol-1537-300Kg.html
[2025-06-26 08:10:05] Successfully fetched content for https://magnes.com.pl/tra-pol-1537-300Kg.html (6398 characters)
[2025-06-26 08:10:06] Processing page content for task item ID: 151, URL: https://magnes.com.pl/tra-pol-1535-250Kg.html
[2025-06-26 08:10:06] Successfully fetched content for https://magnes.com.pl/tra-pol-1535-250Kg.html (5953 characters)
[2025-06-26 08:10:07] Processing page content for task item ID: 152, URL: https://magnes.com.pl/tra-pol-1534-150Kg.html
[2025-06-26 08:10:08] Successfully fetched content for https://magnes.com.pl/tra-pol-1534-150Kg.html (5953 characters)
[2025-06-26 08:10:09] Processing page content for task item ID: 153, URL: https://magnes.com.pl/tra-pol-3155-100-kg.html
[2025-06-26 08:10:09] Successfully fetched content for https://magnes.com.pl/tra-pol-3155-100-kg.html (5461 characters)
[2025-06-26 08:10:10] Processing page content for task item ID: 154, URL: https://magnes.com.pl/tra-pol-1537-300Kg.html
[2025-06-26 08:10:10] Successfully fetched content for https://magnes.com.pl/tra-pol-1537-300Kg.html (6398 characters)
[2025-06-26 08:10:11] Processing page content for task item ID: 155, URL: https://magnes.com.pl/tra-pol-1535-250Kg.html
[2025-06-26 08:10:11] Successfully fetched content for https://magnes.com.pl/tra-pol-1535-250Kg.html (5953 characters)
[2025-06-26 08:10:12] Processing page content for task item ID: 156, URL: https://magnes.com.pl/tra-pol-1534-150Kg.html
[2025-06-26 08:10:13] Successfully fetched content for https://magnes.com.pl/tra-pol-1534-150Kg.html (5953 characters)
[2025-06-26 08:10:14] Page content processor finished
[2025-06-26 08:20:00] Starting page content processor. Mode: CLI
[2025-06-26 08:20:00] No task items need page content processing
[2025-06-26 08:20:00] Page content processor finished
[2025-06-26 08:30:00] Starting page content processor. Mode: CLI
[2025-06-26 08:30:00] No task items need page content processing
[2025-06-26 08:30:00] Page content processor finished
[2025-06-26 08:40:00] Starting page content processor. Mode: CLI
[2025-06-26 08:40:00] No task items need page content processing
[2025-06-26 08:40:00] Page content processor finished
[2025-06-26 08:50:00] Starting page content processor. Mode: CLI
[2025-06-26 08:50:00] No task items need page content processing
[2025-06-26 08:50:00] Page content processor finished
[2025-06-26 09:00:00] Starting page content processor. Mode: CLI
[2025-06-26 09:00:00] No task items need page content processing
[2025-06-26 09:00:00] Page content processor finished
[2025-06-26 09:10:00] Starting page content processor. Mode: CLI
[2025-06-26 09:10:00] No task items need page content processing
[2025-06-26 09:10:00] Page content processor finished
[2025-06-26 09:20:00] Starting page content processor. Mode: CLI
[2025-06-26 09:20:00] Found 1 task items to process
[2025-06-26 09:20:00] Processing page content for task item ID: 163, URL: https://magnes.com.pl/tra-pol-2827-590-kg.html
[2025-06-26 09:20:01] Successfully fetched content for https://magnes.com.pl/tra-pol-2827-590-kg.html (5780 characters)
[2025-06-26 09:20:02] Page content processor finished
[2025-06-26 09:30:00] Starting page content processor. Mode: CLI
[2025-06-26 09:30:00] No task items need page content processing
[2025-06-26 09:30:00] Page content processor finished
[2025-06-26 09:40:00] Starting page content processor. Mode: CLI
[2025-06-26 09:40:00] No task items need page content processing
[2025-06-26 09:40:00] Page content processor finished
[2025-06-26 09:50:00] Starting page content processor. Mode: CLI
[2025-06-26 09:50:00] No task items need page content processing
[2025-06-26 09:50:00] Page content processor finished
[2025-06-26 10:00:00] Starting page content processor. Mode: CLI
[2025-06-26 10:00:00] No task items need page content processing
[2025-06-26 10:00:00] Page content processor finished
[2025-06-26 10:10:00] Starting page content processor. Mode: CLI
[2025-06-26 10:10:00] No task items need page content processing
[2025-06-26 10:10:00] Page content processor finished
[2025-06-26 10:20:00] Starting page content processor. Mode: CLI
[2025-06-26 10:20:00] No task items need page content processing
[2025-06-26 10:20:00] Page content processor finished
[2025-06-26 10:30:00] Starting page content processor. Mode: CLI
[2025-06-26 10:30:00] No task items need page content processing
[2025-06-26 10:30:00] Page content processor finished
[2025-06-26 10:40:00] Starting page content processor. Mode: CLI
[2025-06-26 10:40:00] No task items need page content processing
[2025-06-26 10:40:00] Page content processor finished
[2025-06-26 10:50:00] Starting page content processor. Mode: CLI
[2025-06-26 10:50:00] No task items need page content processing
[2025-06-26 10:50:00] Page content processor finished
[2025-06-26 11:00:00] Starting page content processor. Mode: CLI
[2025-06-26 11:00:00] No task items need page content processing
[2025-06-26 11:00:00] Page content processor finished
[2025-06-26 11:10:00] Starting page content processor. Mode: CLI
[2025-06-26 11:10:00] No task items need page content processing
[2025-06-26 11:10:00] Page content processor finished
[2025-06-26 11:20:00] Starting page content processor. Mode: CLI
[2025-06-26 11:20:00] No task items need page content processing
[2025-06-26 11:20:00] Page content processor finished
[2025-06-26 11:30:00] Starting page content processor. Mode: CLI
[2025-06-26 11:30:00] No task items need page content processing
[2025-06-26 11:30:00] Page content processor finished
[2025-06-26 11:40:00] Starting page content processor. Mode: CLI
[2025-06-26 11:40:00] No task items need page content processing
[2025-06-26 11:40:00] Page content processor finished
[2025-06-26 11:50:00] Starting page content processor. Mode: CLI
[2025-06-26 11:50:00] Found 1 task items to process
[2025-06-26 11:50:00] Processing page content for task item ID: 164, URL: https://odnovapoznan.pl/masaz-kobido
[2025-06-26 11:50:00] Successfully fetched content for https://odnovapoznan.pl/masaz-kobido (21 characters)
[2025-06-26 11:50:01] Page content processor finished
[2025-06-26 12:00:00] Starting page content processor. Mode: CLI
[2025-06-26 12:00:00] No task items need page content processing
[2025-06-26 12:00:00] Page content processor finished
[2025-06-26 12:10:00] Starting page content processor. Mode: CLI
[2025-06-26 12:10:00] No task items need page content processing
[2025-06-26 12:10:00] Page content processor finished
[2025-06-26 12:20:00] Starting page content processor. Mode: CLI
[2025-06-26 12:20:00] No task items need page content processing
[2025-06-26 12:20:00] Page content processor finished
[2025-06-26 12:30:00] Starting page content processor. Mode: CLI
[2025-06-26 12:30:00] No task items need page content processing
[2025-06-26 12:30:00] Page content processor finished
[2025-06-26 12:36:07] Starting page content processor. Mode: WWW
[2025-06-26 12:36:07] Found 10 task items to process
[2025-06-26 12:36:07] Processing page content for task item ID: 165, URL: https://piubiu.pl/pol_m_Bielizna-i-dodatki_Bielizna-erotyczna-238.html
[2025-06-26 12:36:08] Successfully fetched content for https://piubiu.pl/pol_m_Bielizna-i-dodatki_Bielizna-erotyczna-238.html (9166 characters)
[2025-06-26 12:36:09] Processing page content for task item ID: 166, URL: https://piubiu.pl/pol_m_Bielizna-i-dodatki_Bielizna-erotyczna_Seksowne-komplety-bielizny-221.html
[2025-06-26 12:36:10] Successfully fetched content for https://piubiu.pl/pol_m_Bielizna-i-dodatki_Bielizna-erotyczna_Seksowne-komplety-bielizny-221.html (8256 characters)
[2025-06-26 12:36:11] Processing page content for task item ID: 167, URL: https://piubiu.pl/pol_m_Biustonosze_Biustonosze-wedlug-cechy_Biustonosze-koronkowe-249.html
[2025-06-26 12:36:21] Failed to fetch content for https://piubiu.pl/pol_m_Biustonosze_Biustonosze-wedlug-cechy_Biustonosze-koronkowe-249.html: Nie udało się pobrać treści strony: Błąd cURL: SSL connection timeout
[2025-06-26 12:36:22] Processing page content for task item ID: 168, URL: https://piubiu.pl/pol_m_Biustonosze_Biustonosze-wedlug-koloru_Biustonosze-biale-446.html
[2025-06-26 12:36:24] Successfully fetched content for https://piubiu.pl/pol_m_Biustonosze_Biustonosze-wedlug-koloru_Biustonosze-biale-446.html (8 characters)
[2025-06-26 12:36:25] Processing page content for task item ID: 169, URL: https://piubiu.pl/pol_m_Biustonosze_Biustonosze-wedlug-koloru_Biustonosze-czarne-447.html
[2025-06-26 12:36:28] Successfully fetched content for https://piubiu.pl/pol_m_Biustonosze_Biustonosze-wedlug-koloru_Biustonosze-czarne-447.html (8 characters)
[2025-06-26 12:36:29] Processing page content for task item ID: 170, URL: https://piubiu.pl/pol_m_Biustonosze_Biustonosze-push-up-152.html
[2025-06-26 12:36:31] Successfully fetched content for https://piubiu.pl/pol_m_Biustonosze_Biustonosze-push-up-152.html (9651 characters)
[2025-06-26 12:36:32] Processing page content for task item ID: 171, URL: https://piubiu.pl/pol_m_Biustonosze_Biustonosze-samonosne-159.html
[2025-06-26 12:36:32] Successfully fetched content for https://piubiu.pl/pol_m_Biustonosze_Biustonosze-samonosne-159.html (7109 characters)
[2025-06-26 12:36:33] Processing page content for task item ID: 172, URL: https://piubiu.pl/pol_m_Bielizna-i-dodatki_Bielizna-erotyczna-238.html
[2025-06-26 12:36:34] Successfully fetched content for https://piubiu.pl/pol_m_Bielizna-i-dodatki_Bielizna-erotyczna-238.html (9166 characters)
[2025-06-26 12:36:35] Processing page content for task item ID: 173, URL: https://piubiu.pl/pol_m_Bielizna-i-dodatki_Bielizna-erotyczna_Seksowne-komplety-bielizny-221.html
[2025-06-26 12:36:36] Successfully fetched content for https://piubiu.pl/pol_m_Bielizna-i-dodatki_Bielizna-erotyczna_Seksowne-komplety-bielizny-221.html (8256 characters)
[2025-06-26 12:36:37] Processing page content for task item ID: 174, URL: https://piubiu.pl/pol_m_Biustonosze_Biustonosze-wedlug-cechy_Biustonosze-koronkowe-249.html
[2025-06-26 12:36:39] Successfully fetched content for https://piubiu.pl/pol_m_Biustonosze_Biustonosze-wedlug-cechy_Biustonosze-koronkowe-249.html (8 characters)
[2025-06-26 12:36:40] Page content processor finished
[2025-06-26 12:37:29] Starting page content processor. Mode: WWW
[2025-06-26 12:37:29] Found 4 task items to process
[2025-06-26 12:37:29] Processing page content for task item ID: 175, URL: https://piubiu.pl/pol_m_Biustonosze_Biustonosze-wedlug-koloru_Biustonosze-biale-446.html
[2025-06-26 12:37:31] Successfully fetched content for https://piubiu.pl/pol_m_Biustonosze_Biustonosze-wedlug-koloru_Biustonosze-biale-446.html (8 characters)
[2025-06-26 12:37:32] Processing page content for task item ID: 176, URL: https://piubiu.pl/pol_m_Biustonosze_Biustonosze-wedlug-koloru_Biustonosze-czarne-447.html
[2025-06-26 12:37:35] Successfully fetched content for https://piubiu.pl/pol_m_Biustonosze_Biustonosze-wedlug-koloru_Biustonosze-czarne-447.html (8 characters)
[2025-06-26 12:37:36] Processing page content for task item ID: 177, URL: https://piubiu.pl/pol_m_Biustonosze_Biustonosze-push-up-152.html
[2025-06-26 12:37:37] Successfully fetched content for https://piubiu.pl/pol_m_Biustonosze_Biustonosze-push-up-152.html (9651 characters)
[2025-06-26 12:37:38] Processing page content for task item ID: 178, URL: https://piubiu.pl/pol_m_Biustonosze_Biustonosze-samonosne-159.html
[2025-06-26 12:37:39] Successfully fetched content for https://piubiu.pl/pol_m_Biustonosze_Biustonosze-samonosne-159.html (7109 characters)
[2025-06-26 12:37:40] Page content processor finished
[2025-06-26 12:40:00] Starting page content processor. Mode: CLI
[2025-06-26 12:40:00] No task items need page content processing
[2025-06-26 12:40:00] Page content processor finished
