[2025-06-23 08:23:13] Starting page content processor. Mode: WWW
[2025-06-23 08:23:13] Found 3 task items to process
[2025-06-23 08:23:13] Processing page content for task item ID: 1, URL: https://stiulove.pl/pl/c/bawelna/54
[2025-06-23 08:23:13] Successfully fetched content for https://stiulove.pl/pl/c/bawelna/54 (417 characters)
[2025-06-23 08:23:14] Processing page content for task item ID: 2, URL: https://stiulove.pl/pl/c/duza/58
[2025-06-23 08:23:15] Successfully fetched content for https://stiulove.pl/pl/c/duza/58 (417 characters)
[2025-06-23 08:23:16] Processing page content for task item ID: 3, URL: https://stiulove.pl/pl/c/Poduszka-Supel-MINI/65
[2025-06-23 08:23:16] Successfully fetched content for https://stiulove.pl/pl/c/Poduszka-Supel-MINI/65 (417 characters)
[2025-06-23 08:23:17] Page content processor finished
[2025-06-23 08:24:48] Starting page content processor. Mode: WWW
[2025-06-23 08:24:48] No task items need page content processing
[2025-06-23 08:24:48] Page content processor finished
[2025-06-23 08:36:49] Starting page content processor. Mode: WWW
[2025-06-23 08:36:49] Found 3 task items to process
[2025-06-23 08:36:49] Processing page content for task item ID: 4, URL: https://stiulove.pl/pl/c/bawelna/54
[2025-06-23 08:36:49] Successfully fetched content for https://stiulove.pl/pl/c/bawelna/54 (417 characters)
[2025-06-23 08:36:50] Processing page content for task item ID: 5, URL: https://stiulove.pl/pl/c/duza/58
[2025-06-23 08:36:51] Successfully fetched content for https://stiulove.pl/pl/c/duza/58 (417 characters)
[2025-06-23 08:36:52] Processing page content for task item ID: 6, URL: https://stiulove.pl/pl/c/Poduszka-Supel-MINI/65
[2025-06-23 08:36:52] Successfully fetched content for https://stiulove.pl/pl/c/Poduszka-Supel-MINI/65 (417 characters)
[2025-06-23 08:36:53] Page content processor finished
[2025-06-23 08:39:00] Starting page content processor. Mode: WWW
[2025-06-23 08:39:00] No task items need page content processing
[2025-06-23 08:39:00] Page content processor finished
[2025-06-23 09:23:17] Starting page content processor. Mode: WWW
[2025-06-23 09:23:17] Found 3 task items to process
[2025-06-23 09:23:17] Processing page content for task item ID: 7, URL: https://stiulove.pl/pl/c/bawelna/54
[2025-06-23 09:23:17] Successfully fetched content for https://stiulove.pl/pl/c/bawelna/54 (417 characters)
[2025-06-23 09:23:18] Processing page content for task item ID: 8, URL: https://stiulove.pl/pl/c/duza/58
[2025-06-23 09:23:19] Successfully fetched content for https://stiulove.pl/pl/c/duza/58 (417 characters)
[2025-06-23 09:23:20] Processing page content for task item ID: 9, URL: https://stiulove.pl/pl/c/Poduszka-Supel-MINI/65
[2025-06-23 09:23:20] Successfully fetched content for https://stiulove.pl/pl/c/Poduszka-Supel-MINI/65 (417 characters)
[2025-06-23 09:23:21] Page content processor finished
[2025-06-23 10:40:00] Starting page content processor. Mode: CLI
[2025-06-23 10:40:00] No task items need page content processing
[2025-06-23 10:40:00] Page content processor finished
[2025-06-23 10:50:00] Starting page content processor. Mode: CLI
[2025-06-23 10:50:00] No task items need page content processing
[2025-06-23 10:50:00] Page content processor finished
[2025-06-23 11:00:00] Starting page content processor. Mode: CLI
[2025-06-23 11:00:00] No task items need page content processing
[2025-06-23 11:00:00] Page content processor finished
[2025-06-23 11:05:24] Starting page content processor. Mode: WWW
[2025-06-23 11:05:24] No task items need page content processing
[2025-06-23 11:05:24] Page content processor finished
[2025-06-23 11:10:00] Starting page content processor. Mode: CLI
[2025-06-23 11:10:00] No task items need page content processing
[2025-06-23 11:10:00] Page content processor finished
[2025-06-23 11:14:02] Starting page content processor. Mode: WWW
[2025-06-23 11:14:02] Found 3 task items to process
[2025-06-23 11:14:02] Processing page content for task item ID: 10, URL: https://stiulove.pl/pl/c/bawelna/54
[2025-06-23 11:14:02] Successfully fetched content for https://stiulove.pl/pl/c/bawelna/54 (417 characters)
[2025-06-23 11:14:03] Processing page content for task item ID: 11, URL: https://stiulove.pl/pl/c/duza/58
[2025-06-23 11:14:04] Successfully fetched content for https://stiulove.pl/pl/c/duza/58 (417 characters)
[2025-06-23 11:14:05] Processing page content for task item ID: 12, URL: https://stiulove.pl/pl/c/Poduszka-Supel-MINI/65
[2025-06-23 11:14:05] Successfully fetched content for https://stiulove.pl/pl/c/Poduszka-Supel-MINI/65 (417 characters)
[2025-06-23 11:14:06] Page content processor finished
[2025-06-23 11:20:00] Starting page content processor. Mode: CLI
[2025-06-23 11:20:00] No task items need page content processing
[2025-06-23 11:20:00] Page content processor finished
[2025-06-23 11:30:00] Starting page content processor. Mode: CLI
[2025-06-23 11:30:00] No task items need page content processing
[2025-06-23 11:30:00] Page content processor finished
[2025-06-23 11:40:00] Starting page content processor. Mode: CLI
[2025-06-23 11:40:00] No task items need page content processing
[2025-06-23 11:40:00] Page content processor finished
[2025-06-23 11:50:00] Starting page content processor. Mode: CLI
[2025-06-23 11:50:00] No task items need page content processing
[2025-06-23 11:50:00] Page content processor finished
[2025-06-23 12:00:00] Starting page content processor. Mode: CLI
[2025-06-23 12:00:00] No task items need page content processing
[2025-06-23 12:00:00] Page content processor finished
[2025-06-23 12:10:00] Starting page content processor. Mode: CLI
[2025-06-23 12:10:00] No task items need page content processing
[2025-06-23 12:10:00] Page content processor finished
[2025-06-23 12:20:00] Starting page content processor. Mode: CLI
[2025-06-23 12:20:00] No task items need page content processing
[2025-06-23 12:20:00] Page content processor finished
[2025-06-23 12:30:00] Starting page content processor. Mode: CLI
[2025-06-23 12:30:00] No task items need page content processing
[2025-06-23 12:30:00] Page content processor finished
[2025-06-23 12:40:00] Starting page content processor. Mode: CLI
[2025-06-23 12:40:00] No task items need page content processing
[2025-06-23 12:40:00] Page content processor finished
[2025-06-23 12:50:00] Starting page content processor. Mode: CLI
[2025-06-23 12:50:00] No task items need page content processing
[2025-06-23 12:50:00] Page content processor finished
[2025-06-23 13:00:00] Starting page content processor. Mode: CLI
[2025-06-23 13:00:00] No task items need page content processing
[2025-06-23 13:00:00] Page content processor finished
[2025-06-23 13:10:00] Starting page content processor. Mode: CLI
[2025-06-23 13:10:00] No task items need page content processing
[2025-06-23 13:10:00] Page content processor finished
[2025-06-23 13:20:00] Starting page content processor. Mode: CLI
[2025-06-23 13:20:00] No task items need page content processing
[2025-06-23 13:20:00] Page content processor finished
[2025-06-23 13:30:00] Starting page content processor. Mode: CLI
[2025-06-23 13:30:00] No task items need page content processing
[2025-06-23 13:30:00] Page content processor finished
[2025-06-23 13:40:00] Starting page content processor. Mode: CLI
[2025-06-23 13:40:00] No task items need page content processing
[2025-06-23 13:40:00] Page content processor finished
[2025-06-23 13:50:00] Starting page content processor. Mode: CLI
[2025-06-23 13:50:00] No task items need page content processing
[2025-06-23 13:50:00] Page content processor finished
[2025-06-23 14:00:00] Starting page content processor. Mode: CLI
[2025-06-23 14:00:00] No task items need page content processing
[2025-06-23 14:00:00] Page content processor finished
[2025-06-23 14:10:00] Starting page content processor. Mode: CLI
[2025-06-23 14:10:00] No task items need page content processing
[2025-06-23 14:10:00] Page content processor finished
[2025-06-23 14:20:00] Starting page content processor. Mode: CLI
[2025-06-23 14:20:00] No task items need page content processing
[2025-06-23 14:20:00] Page content processor finished
[2025-06-23 14:30:00] Starting page content processor. Mode: CLI
[2025-06-23 14:30:00] No task items need page content processing
[2025-06-23 14:30:00] Page content processor finished
[2025-06-23 14:40:00] Starting page content processor. Mode: CLI
[2025-06-23 14:40:00] No task items need page content processing
[2025-06-23 14:40:00] Page content processor finished
[2025-06-23 14:50:00] Starting page content processor. Mode: CLI
[2025-06-23 14:50:00] No task items need page content processing
[2025-06-23 14:50:00] Page content processor finished
[2025-06-23 15:00:00] Starting page content processor. Mode: CLI
[2025-06-23 15:00:00] No task items need page content processing
[2025-06-23 15:00:00] Page content processor finished
[2025-06-23 15:10:00] Starting page content processor. Mode: CLI
[2025-06-23 15:10:00] No task items need page content processing
[2025-06-23 15:10:00] Page content processor finished
[2025-06-23 15:20:00] Starting page content processor. Mode: CLI
[2025-06-23 15:20:00] No task items need page content processing
[2025-06-23 15:20:00] Page content processor finished
[2025-06-23 15:30:00] Starting page content processor. Mode: CLI
[2025-06-23 15:30:00] No task items need page content processing
[2025-06-23 15:30:00] Page content processor finished
[2025-06-23 15:40:00] Starting page content processor. Mode: CLI
[2025-06-23 15:40:00] No task items need page content processing
[2025-06-23 15:40:00] Page content processor finished
[2025-06-23 15:50:00] Starting page content processor. Mode: CLI
[2025-06-23 15:50:00] No task items need page content processing
[2025-06-23 15:50:00] Page content processor finished
[2025-06-23 16:00:00] Starting page content processor. Mode: CLI
[2025-06-23 16:00:00] No task items need page content processing
[2025-06-23 16:00:00] Page content processor finished
[2025-06-23 16:10:00] Starting page content processor. Mode: CLI
[2025-06-23 16:10:00] No task items need page content processing
[2025-06-23 16:10:00] Page content processor finished
[2025-06-23 16:20:00] Starting page content processor. Mode: CLI
[2025-06-23 16:20:00] No task items need page content processing
[2025-06-23 16:20:00] Page content processor finished
[2025-06-23 16:30:00] Starting page content processor. Mode: CLI
[2025-06-23 16:30:00] No task items need page content processing
[2025-06-23 16:30:00] Page content processor finished
[2025-06-23 16:40:00] Starting page content processor. Mode: CLI
[2025-06-23 16:40:00] No task items need page content processing
[2025-06-23 16:40:00] Page content processor finished
[2025-06-23 16:50:00] Starting page content processor. Mode: CLI
[2025-06-23 16:50:00] No task items need page content processing
[2025-06-23 16:50:00] Page content processor finished
[2025-06-23 17:00:00] Starting page content processor. Mode: CLI
[2025-06-23 17:00:00] No task items need page content processing
[2025-06-23 17:00:00] Page content processor finished
[2025-06-23 17:10:00] Starting page content processor. Mode: CLI
[2025-06-23 17:10:00] No task items need page content processing
[2025-06-23 17:10:00] Page content processor finished
[2025-06-23 17:20:00] Starting page content processor. Mode: CLI
[2025-06-23 17:20:00] No task items need page content processing
[2025-06-23 17:20:00] Page content processor finished
[2025-06-23 17:30:00] Starting page content processor. Mode: CLI
[2025-06-23 17:30:00] No task items need page content processing
[2025-06-23 17:30:00] Page content processor finished
[2025-06-23 17:40:00] Starting page content processor. Mode: CLI
[2025-06-23 17:40:00] No task items need page content processing
[2025-06-23 17:40:00] Page content processor finished
[2025-06-23 17:50:00] Starting page content processor. Mode: CLI
[2025-06-23 17:50:00] No task items need page content processing
[2025-06-23 17:50:00] Page content processor finished
[2025-06-23 18:00:00] Starting page content processor. Mode: CLI
[2025-06-23 18:00:00] No task items need page content processing
[2025-06-23 18:00:00] Page content processor finished
[2025-06-23 18:10:00] Starting page content processor. Mode: CLI
[2025-06-23 18:10:00] No task items need page content processing
[2025-06-23 18:10:00] Page content processor finished
[2025-06-23 18:20:00] Starting page content processor. Mode: CLI
[2025-06-23 18:20:00] No task items need page content processing
[2025-06-23 18:20:00] Page content processor finished
[2025-06-23 18:30:00] Starting page content processor. Mode: CLI
[2025-06-23 18:30:00] No task items need page content processing
[2025-06-23 18:30:00] Page content processor finished
[2025-06-23 18:40:00] Starting page content processor. Mode: CLI
[2025-06-23 18:40:00] No task items need page content processing
[2025-06-23 18:40:00] Page content processor finished
[2025-06-23 18:50:00] Starting page content processor. Mode: CLI
[2025-06-23 18:50:00] No task items need page content processing
[2025-06-23 18:50:00] Page content processor finished
[2025-06-23 19:00:00] Starting page content processor. Mode: CLI
[2025-06-23 19:00:00] No task items need page content processing
[2025-06-23 19:00:00] Page content processor finished
[2025-06-23 19:10:00] Starting page content processor. Mode: CLI
[2025-06-23 19:10:00] No task items need page content processing
[2025-06-23 19:10:00] Page content processor finished
[2025-06-23 19:20:00] Starting page content processor. Mode: CLI
[2025-06-23 19:20:00] No task items need page content processing
[2025-06-23 19:20:00] Page content processor finished
[2025-06-23 19:30:00] Starting page content processor. Mode: CLI
[2025-06-23 19:30:00] No task items need page content processing
[2025-06-23 19:30:00] Page content processor finished
[2025-06-23 19:40:00] Starting page content processor. Mode: CLI
[2025-06-23 19:40:00] No task items need page content processing
[2025-06-23 19:40:00] Page content processor finished
[2025-06-23 19:50:00] Starting page content processor. Mode: CLI
[2025-06-23 19:50:00] No task items need page content processing
[2025-06-23 19:50:00] Page content processor finished
[2025-06-23 20:00:00] Starting page content processor. Mode: CLI
[2025-06-23 20:00:00] No task items need page content processing
[2025-06-23 20:00:00] Page content processor finished
[2025-06-23 20:10:00] Starting page content processor. Mode: CLI
[2025-06-23 20:10:00] No task items need page content processing
[2025-06-23 20:10:00] Page content processor finished
[2025-06-23 20:20:00] Starting page content processor. Mode: CLI
[2025-06-23 20:20:00] No task items need page content processing
[2025-06-23 20:20:00] Page content processor finished
[2025-06-23 20:30:00] Starting page content processor. Mode: CLI
[2025-06-23 20:30:00] No task items need page content processing
[2025-06-23 20:30:00] Page content processor finished
[2025-06-23 20:40:00] Starting page content processor. Mode: CLI
[2025-06-23 20:40:00] No task items need page content processing
[2025-06-23 20:40:00] Page content processor finished
[2025-06-23 20:50:00] Starting page content processor. Mode: CLI
[2025-06-23 20:50:00] No task items need page content processing
[2025-06-23 20:50:00] Page content processor finished
[2025-06-23 21:00:00] Starting page content processor. Mode: CLI
[2025-06-23 21:00:00] No task items need page content processing
[2025-06-23 21:00:00] Page content processor finished
[2025-06-23 21:10:00] Starting page content processor. Mode: CLI
[2025-06-23 21:10:00] No task items need page content processing
[2025-06-23 21:10:00] Page content processor finished
[2025-06-23 21:20:00] Starting page content processor. Mode: CLI
[2025-06-23 21:20:00] No task items need page content processing
[2025-06-23 21:20:00] Page content processor finished
[2025-06-23 21:30:00] Starting page content processor. Mode: CLI
[2025-06-23 21:30:00] No task items need page content processing
[2025-06-23 21:30:00] Page content processor finished
[2025-06-23 21:40:00] Starting page content processor. Mode: CLI
[2025-06-23 21:40:00] No task items need page content processing
[2025-06-23 21:40:00] Page content processor finished
[2025-06-23 21:50:00] Starting page content processor. Mode: CLI
[2025-06-23 21:50:00] No task items need page content processing
[2025-06-23 21:50:00] Page content processor finished
[2025-06-23 22:00:00] Starting page content processor. Mode: CLI
[2025-06-23 22:00:00] No task items need page content processing
[2025-06-23 22:00:00] Page content processor finished
[2025-06-23 22:10:00] Starting page content processor. Mode: CLI
[2025-06-23 22:10:00] No task items need page content processing
[2025-06-23 22:10:00] Page content processor finished
[2025-06-23 22:20:00] Starting page content processor. Mode: CLI
[2025-06-23 22:20:00] No task items need page content processing
[2025-06-23 22:20:00] Page content processor finished
[2025-06-23 22:30:00] Starting page content processor. Mode: CLI
[2025-06-23 22:30:00] No task items need page content processing
[2025-06-23 22:30:00] Page content processor finished
[2025-06-23 22:40:00] Starting page content processor. Mode: CLI
[2025-06-23 22:40:00] No task items need page content processing
[2025-06-23 22:40:00] Page content processor finished
[2025-06-23 22:50:00] Starting page content processor. Mode: CLI
[2025-06-23 22:50:00] No task items need page content processing
[2025-06-23 22:50:00] Page content processor finished
[2025-06-23 23:00:00] Starting page content processor. Mode: CLI
[2025-06-23 23:00:00] No task items need page content processing
[2025-06-23 23:00:00] Page content processor finished
[2025-06-23 23:10:00] Starting page content processor. Mode: CLI
[2025-06-23 23:10:00] No task items need page content processing
[2025-06-23 23:10:00] Page content processor finished
[2025-06-23 23:20:00] Starting page content processor. Mode: CLI
[2025-06-23 23:20:00] No task items need page content processing
[2025-06-23 23:20:00] Page content processor finished
[2025-06-23 23:30:00] Starting page content processor. Mode: CLI
[2025-06-23 23:30:00] No task items need page content processing
[2025-06-23 23:30:00] Page content processor finished
[2025-06-23 23:40:00] Starting page content processor. Mode: CLI
[2025-06-23 23:40:00] No task items need page content processing
[2025-06-23 23:40:00] Page content processor finished
[2025-06-23 23:50:00] Starting page content processor. Mode: CLI
[2025-06-23 23:50:00] No task items need page content processing
[2025-06-23 23:50:00] Page content processor finished
