[2025-06-26 00:00:00] Starting CLI queue processor
[2025-06-26 00:00:00] No items in queue to process
[2025-06-26 00:10:00] Starting CLI queue processor
[2025-06-26 00:10:00] No items in queue to process
[2025-06-26 00:20:00] Starting CLI queue processor
[2025-06-26 00:20:00] No items in queue to process
[2025-06-26 00:30:00] Starting CLI queue processor
[2025-06-26 00:30:00] No items in queue to process
[2025-06-26 00:40:00] Starting CLI queue processor
[2025-06-26 00:40:00] No items in queue to process
[2025-06-26 00:50:00] Starting CLI queue processor
[2025-06-26 00:50:00] No items in queue to process
[2025-06-26 01:00:00] Starting CLI queue processor
[2025-06-26 01:00:00] No items in queue to process
[2025-06-26 01:10:00] Starting CLI queue processor
[2025-06-26 01:10:00] No items in queue to process
[2025-06-26 01:20:00] Starting CLI queue processor
[2025-06-26 01:20:00] No items in queue to process
[2025-06-26 01:30:00] Starting CLI queue processor
[2025-06-26 01:30:00] No items in queue to process
[2025-06-26 01:40:00] Starting CLI queue processor
[2025-06-26 01:40:00] No items in queue to process
[2025-06-26 01:50:00] Starting CLI queue processor
[2025-06-26 01:50:00] No items in queue to process
[2025-06-26 02:00:00] Starting CLI queue processor
[2025-06-26 02:00:00] No items in queue to process
[2025-06-26 02:10:00] Starting CLI queue processor
[2025-06-26 02:10:00] No items in queue to process
[2025-06-26 02:20:00] Starting CLI queue processor
[2025-06-26 02:20:00] No items in queue to process
[2025-06-26 02:30:00] Starting CLI queue processor
[2025-06-26 02:30:00] No items in queue to process
[2025-06-26 02:40:00] Starting CLI queue processor
[2025-06-26 02:40:00] No items in queue to process
[2025-06-26 02:50:00] Starting CLI queue processor
[2025-06-26 02:50:00] No items in queue to process
[2025-06-26 03:00:00] Starting CLI queue processor
[2025-06-26 03:00:00] No items in queue to process
[2025-06-26 03:10:00] Starting CLI queue processor
[2025-06-26 03:10:00] No items in queue to process
[2025-06-26 03:20:00] Starting CLI queue processor
[2025-06-26 03:20:00] No items in queue to process
[2025-06-26 03:30:00] Starting CLI queue processor
[2025-06-26 03:30:00] No items in queue to process
[2025-06-26 03:40:00] Starting CLI queue processor
[2025-06-26 03:40:00] No items in queue to process
[2025-06-26 03:50:00] Starting CLI queue processor
[2025-06-26 03:50:00] No items in queue to process
[2025-06-26 04:00:00] Starting CLI queue processor
[2025-06-26 04:00:00] No items in queue to process
[2025-06-26 04:10:00] Starting CLI queue processor
[2025-06-26 04:10:00] No items in queue to process
[2025-06-26 04:20:00] Starting CLI queue processor
[2025-06-26 04:20:00] No items in queue to process
[2025-06-26 04:30:00] Starting CLI queue processor
[2025-06-26 04:30:00] No items in queue to process
[2025-06-26 04:40:00] Starting CLI queue processor
[2025-06-26 04:40:00] No items in queue to process
[2025-06-26 04:50:00] Starting CLI queue processor
[2025-06-26 04:50:00] No items in queue to process
[2025-06-26 05:00:00] Starting CLI queue processor
[2025-06-26 05:00:00] No items in queue to process
[2025-06-26 05:10:00] Starting CLI queue processor
[2025-06-26 05:10:00] No items in queue to process
[2025-06-26 05:20:00] Starting CLI queue processor
[2025-06-26 05:20:00] No items in queue to process
[2025-06-26 05:30:00] Starting CLI queue processor
[2025-06-26 05:30:00] No items in queue to process
[2025-06-26 05:40:00] Starting CLI queue processor
[2025-06-26 05:40:00] No items in queue to process
[2025-06-26 05:50:00] Starting CLI queue processor
[2025-06-26 05:50:00] No items in queue to process
[2025-06-26 06:00:00] Starting CLI queue processor
[2025-06-26 06:00:00] No items in queue to process
[2025-06-26 06:10:00] Starting CLI queue processor
[2025-06-26 06:10:00] No items in queue to process
[2025-06-26 06:20:00] Starting CLI queue processor
[2025-06-26 06:20:00] No items in queue to process
[2025-06-26 06:30:00] Starting CLI queue processor
[2025-06-26 06:30:00] No items in queue to process
[2025-06-26 06:40:00] Starting CLI queue processor
[2025-06-26 06:40:00] No items in queue to process
[2025-06-26 06:50:00] Starting CLI queue processor
[2025-06-26 06:50:00] No items in queue to process
[2025-06-26 07:00:00] Starting CLI queue processor
[2025-06-26 07:00:00] No items in queue to process
[2025-06-26 07:10:00] Starting CLI queue processor
[2025-06-26 07:10:00] No items in queue to process
[2025-06-26 07:20:00] Starting CLI queue processor
[2025-06-26 07:20:00] No items in queue to process
[2025-06-26 07:30:00] Starting CLI queue processor
[2025-06-26 07:30:00] Found items in queue, calling main processor
[2025-06-26 07:30:00] PROCESSOR: sh: /usr/bin/php: not found
[2025-06-26 07:30:00] Queue processor failed with return code: 127
[2025-06-26 07:40:00] Starting CLI queue processor
[2025-06-26 07:40:00] Found items in queue, calling main processor
[2025-06-26 07:40:00] PROCESSOR: sh: /usr/bin/php: not found
[2025-06-26 07:40:00] Queue processor failed with return code: 127
[2025-06-26 07:50:00] Starting CLI queue processor
[2025-06-26 07:50:00] Found items in queue, calling main processor
[2025-06-26 07:50:00] PROCESSOR: sh: /usr/bin/php: not found
[2025-06-26 07:50:00] Queue processor failed with return code: 127
[2025-06-26 08:00:00] Starting CLI queue processor
[2025-06-26 08:00:00] Found items in queue, calling main processor
[2025-06-26 08:00:00] PROCESSOR: sh: /usr/bin/php: not found
[2025-06-26 08:00:00] Queue processor failed with return code: 127
[2025-06-26 08:10:00] Starting CLI queue processor
[2025-06-26 08:10:00] Found items in queue, calling main processor
[2025-06-26 08:10:00] PROCESSOR: sh: /usr/bin/php: not found
[2025-06-26 08:10:00] Queue processor failed with return code: 127
[2025-06-26 08:20:00] Starting CLI queue processor
[2025-06-26 08:20:00] Found items in queue, calling main processor
[2025-06-26 08:20:00] PROCESSOR: sh: /usr/bin/php: not found
[2025-06-26 08:20:00] Queue processor failed with return code: 127
[2025-06-26 08:30:00] Starting CLI queue processor
[2025-06-26 08:30:00] Found items in queue, calling main processor
[2025-06-26 08:30:00] PROCESSOR: sh: /usr/bin/php: not found
[2025-06-26 08:30:00] Queue processor failed with return code: 127
[2025-06-26 08:40:00] Starting CLI queue processor
[2025-06-26 08:40:00] Found items in queue, calling main processor
[2025-06-26 08:40:00] PROCESSOR: sh: /usr/bin/php: not found
[2025-06-26 08:40:00] Queue processor failed with return code: 127
[2025-06-26 08:50:00] Starting CLI queue processor
[2025-06-26 08:50:00] Found items in queue, calling main processor
[2025-06-26 08:50:00] PROCESSOR: sh: /usr/bin/php: not found
[2025-06-26 08:50:00] Queue processor failed with return code: 127
[2025-06-26 09:00:00] Starting CLI queue processor
[2025-06-26 09:00:00] Found items in queue, calling main processor
[2025-06-26 09:00:00] PROCESSOR: sh: /usr/bin/php: not found
[2025-06-26 09:00:00] Queue processor failed with return code: 127
[2025-06-26 09:10:00] Starting CLI queue processor
[2025-06-26 09:10:00] Found items in queue, calling main processor
[2025-06-26 09:10:00] PROCESSOR: sh: /usr/bin/php: not found
[2025-06-26 09:10:00] Queue processor failed with return code: 127
[2025-06-26 09:20:00] Starting CLI queue processor
[2025-06-26 09:20:00] Found items in queue, calling main processor
[2025-06-26 09:20:00] PROCESSOR: sh: /usr/bin/php: not found
[2025-06-26 09:20:00] Queue processor failed with return code: 127
[2025-06-26 09:30:00] Starting CLI queue processor
[2025-06-26 09:30:00] No items in queue to process
[2025-06-26 09:40:00] Starting CLI queue processor
[2025-06-26 09:40:00] No items in queue to process
[2025-06-26 09:50:00] Starting CLI queue processor
[2025-06-26 09:50:00] No items in queue to process
[2025-06-26 10:00:00] Starting CLI queue processor
[2025-06-26 10:00:00] No items in queue to process
[2025-06-26 10:10:00] Starting CLI queue processor
[2025-06-26 10:10:00] No items in queue to process
[2025-06-26 10:20:00] Starting CLI queue processor
[2025-06-26 10:20:00] No items in queue to process
[2025-06-26 10:30:00] Starting CLI queue processor
[2025-06-26 10:30:00] No items in queue to process
[2025-06-26 10:40:00] Starting CLI queue processor
[2025-06-26 10:40:00] No items in queue to process
[2025-06-26 10:50:00] Starting CLI queue processor
[2025-06-26 10:50:00] No items in queue to process
[2025-06-26 11:00:00] Starting CLI queue processor
[2025-06-26 11:00:00] No items in queue to process
[2025-06-26 11:10:00] Starting CLI queue processor
[2025-06-26 11:10:00] No items in queue to process
[2025-06-26 11:20:00] Starting CLI queue processor
[2025-06-26 11:20:00] No items in queue to process
[2025-06-26 11:30:00] Starting CLI queue processor
[2025-06-26 11:30:00] No items in queue to process
[2025-06-26 11:40:00] Starting CLI queue processor
[2025-06-26 11:40:00] No items in queue to process
[2025-06-26 11:50:00] Starting CLI queue processor
[2025-06-26 11:50:00] Found items in queue, calling main processor
[2025-06-26 11:50:00] PROCESSOR: sh: /usr/bin/php: not found
[2025-06-26 11:50:00] Queue processor failed with return code: 127
[2025-06-26 12:00:00] Starting CLI queue processor
[2025-06-26 12:00:00] Found items in queue, calling main processor
[2025-06-26 12:00:00] PROCESSOR: sh: /usr/bin/php: not found
[2025-06-26 12:00:00] Queue processor failed with return code: 127
[2025-06-26 12:10:00] Starting CLI queue processor
[2025-06-26 12:10:00] Found items in queue, calling main processor
[2025-06-26 12:10:00] PROCESSOR: sh: /usr/bin/php: not found
[2025-06-26 12:10:00] Queue processor failed with return code: 127
[2025-06-26 12:20:00] Starting CLI queue processor
[2025-06-26 12:20:00] Found items in queue, calling main processor
[2025-06-26 12:20:00] PROCESSOR: sh: /usr/bin/php: not found
[2025-06-26 12:20:00] Queue processor failed with return code: 127
[2025-06-26 12:30:00] Starting CLI queue processor
[2025-06-26 12:30:00] No items in queue to process
[2025-06-26 12:40:00] Starting CLI queue processor
[2025-06-26 12:40:00] Found items in queue, calling main processor
[2025-06-26 12:40:00] PROCESSOR: sh: /usr/bin/php: not found
[2025-06-26 12:40:00] Queue processor failed with return code: 127
