[2025-06-23 10:40:00] Starting CLI queue processor
[2025-06-23 10:40:00] No items in queue to process
[2025-06-23 10:50:00] Starting CLI queue processor
[2025-06-23 10:50:00] No items in queue to process
[2025-06-23 11:00:00] Starting CLI queue processor
[2025-06-23 11:00:00] No items in queue to process
[2025-06-23 11:10:00] Starting CLI queue processor
[2025-06-23 11:10:00] No items in queue to process
[2025-06-23 11:20:00] Starting CLI queue processor
[2025-06-23 11:20:00] No items in queue to process
[2025-06-23 11:30:00] Starting CLI queue processor
[2025-06-23 11:30:00] No items in queue to process
[2025-06-23 11:40:00] Starting CLI queue processor
[2025-06-23 11:40:00] Found items in queue, calling main processor
[2025-06-23 11:40:00] PROCESSOR: sh: /usr/bin/php: not found
[2025-06-23 11:40:00] Queue processor failed with return code: 127
[2025-06-23 11:50:00] Starting CLI queue processor
[2025-06-23 11:50:00] No items in queue to process
[2025-06-23 12:00:00] Starting CLI queue processor
[2025-06-23 12:00:00] No items in queue to process
[2025-06-23 12:10:00] Starting CLI queue processor
[2025-06-23 12:10:00] No items in queue to process
[2025-06-23 12:20:00] Starting CLI queue processor
[2025-06-23 12:20:00] No items in queue to process
[2025-06-23 12:30:00] Starting CLI queue processor
[2025-06-23 12:30:00] No items in queue to process
[2025-06-23 12:40:00] Starting CLI queue processor
[2025-06-23 12:40:00] No items in queue to process
[2025-06-23 12:50:00] Starting CLI queue processor
[2025-06-23 12:50:00] No items in queue to process
[2025-06-23 13:00:00] Starting CLI queue processor
[2025-06-23 13:00:00] No items in queue to process
[2025-06-23 13:10:00] Starting CLI queue processor
[2025-06-23 13:10:00] No items in queue to process
[2025-06-23 13:20:00] Starting CLI queue processor
[2025-06-23 13:20:00] No items in queue to process
[2025-06-23 13:30:00] Starting CLI queue processor
[2025-06-23 13:30:00] No items in queue to process
[2025-06-23 13:40:00] Starting CLI queue processor
[2025-06-23 13:40:00] No items in queue to process
[2025-06-23 13:50:00] Starting CLI queue processor
[2025-06-23 13:50:00] No items in queue to process
[2025-06-23 14:00:00] Starting CLI queue processor
[2025-06-23 14:00:00] No items in queue to process
[2025-06-23 14:10:00] Starting CLI queue processor
[2025-06-23 14:10:00] No items in queue to process
[2025-06-23 14:20:00] Starting CLI queue processor
[2025-06-23 14:20:00] No items in queue to process
[2025-06-23 14:30:00] Starting CLI queue processor
[2025-06-23 14:30:00] No items in queue to process
[2025-06-23 14:40:00] Starting CLI queue processor
[2025-06-23 14:40:00] No items in queue to process
[2025-06-23 14:50:00] Starting CLI queue processor
[2025-06-23 14:50:00] No items in queue to process
[2025-06-23 15:00:00] Starting CLI queue processor
[2025-06-23 15:00:00] No items in queue to process
[2025-06-23 15:10:00] Starting CLI queue processor
[2025-06-23 15:10:00] No items in queue to process
[2025-06-23 15:20:00] Starting CLI queue processor
[2025-06-23 15:20:00] No items in queue to process
[2025-06-23 15:30:00] Starting CLI queue processor
[2025-06-23 15:30:00] No items in queue to process
[2025-06-23 15:40:00] Starting CLI queue processor
[2025-06-23 15:40:00] No items in queue to process
[2025-06-23 15:50:00] Starting CLI queue processor
[2025-06-23 15:50:00] No items in queue to process
[2025-06-23 16:00:00] Starting CLI queue processor
[2025-06-23 16:00:00] No items in queue to process
[2025-06-23 16:10:00] Starting CLI queue processor
[2025-06-23 16:10:00] No items in queue to process
[2025-06-23 16:20:00] Starting CLI queue processor
[2025-06-23 16:20:00] No items in queue to process
[2025-06-23 16:30:00] Starting CLI queue processor
[2025-06-23 16:30:00] No items in queue to process
[2025-06-23 16:40:00] Starting CLI queue processor
[2025-06-23 16:40:00] No items in queue to process
[2025-06-23 16:50:00] Starting CLI queue processor
[2025-06-23 16:50:00] No items in queue to process
[2025-06-23 17:00:00] Starting CLI queue processor
[2025-06-23 17:00:00] No items in queue to process
[2025-06-23 17:10:00] Starting CLI queue processor
[2025-06-23 17:10:00] No items in queue to process
[2025-06-23 17:20:00] Starting CLI queue processor
[2025-06-23 17:20:00] No items in queue to process
[2025-06-23 17:30:00] Starting CLI queue processor
[2025-06-23 17:30:00] No items in queue to process
[2025-06-23 17:40:00] Starting CLI queue processor
[2025-06-23 17:40:00] No items in queue to process
[2025-06-23 17:50:00] Starting CLI queue processor
[2025-06-23 17:50:00] No items in queue to process
[2025-06-23 18:00:00] Starting CLI queue processor
[2025-06-23 18:00:00] No items in queue to process
[2025-06-23 18:10:00] Starting CLI queue processor
[2025-06-23 18:10:00] No items in queue to process
[2025-06-23 18:20:00] Starting CLI queue processor
[2025-06-23 18:20:00] No items in queue to process
[2025-06-23 18:30:00] Starting CLI queue processor
[2025-06-23 18:30:00] No items in queue to process
[2025-06-23 18:40:00] Starting CLI queue processor
[2025-06-23 18:40:00] No items in queue to process
[2025-06-23 18:50:00] Starting CLI queue processor
[2025-06-23 18:50:00] No items in queue to process
[2025-06-23 19:00:00] Starting CLI queue processor
[2025-06-23 19:00:00] No items in queue to process
[2025-06-23 19:10:00] Starting CLI queue processor
[2025-06-23 19:10:00] No items in queue to process
[2025-06-23 19:20:00] Starting CLI queue processor
[2025-06-23 19:20:00] No items in queue to process
[2025-06-23 19:30:00] Starting CLI queue processor
[2025-06-23 19:30:00] No items in queue to process
[2025-06-23 19:40:00] Starting CLI queue processor
[2025-06-23 19:40:00] No items in queue to process
[2025-06-23 19:50:00] Starting CLI queue processor
[2025-06-23 19:50:00] No items in queue to process
[2025-06-23 20:00:00] Starting CLI queue processor
[2025-06-23 20:00:00] No items in queue to process
[2025-06-23 20:10:00] Starting CLI queue processor
[2025-06-23 20:10:00] No items in queue to process
[2025-06-23 20:20:00] Starting CLI queue processor
[2025-06-23 20:20:00] No items in queue to process
[2025-06-23 20:30:00] Starting CLI queue processor
[2025-06-23 20:30:00] No items in queue to process
[2025-06-23 20:40:00] Starting CLI queue processor
[2025-06-23 20:40:00] No items in queue to process
[2025-06-23 20:50:00] Starting CLI queue processor
[2025-06-23 20:50:00] No items in queue to process
[2025-06-23 21:00:00] Starting CLI queue processor
[2025-06-23 21:00:00] No items in queue to process
[2025-06-23 21:10:00] Starting CLI queue processor
[2025-06-23 21:10:00] No items in queue to process
[2025-06-23 21:20:00] Starting CLI queue processor
[2025-06-23 21:20:00] No items in queue to process
[2025-06-23 21:30:00] Starting CLI queue processor
[2025-06-23 21:30:00] No items in queue to process
[2025-06-23 21:40:00] Starting CLI queue processor
[2025-06-23 21:40:00] No items in queue to process
[2025-06-23 21:50:00] Starting CLI queue processor
[2025-06-23 21:50:00] No items in queue to process
[2025-06-23 22:00:00] Starting CLI queue processor
[2025-06-23 22:00:00] No items in queue to process
[2025-06-23 22:10:00] Starting CLI queue processor
[2025-06-23 22:10:00] No items in queue to process
[2025-06-23 22:20:00] Starting CLI queue processor
[2025-06-23 22:20:00] No items in queue to process
[2025-06-23 22:30:00] Starting CLI queue processor
[2025-06-23 22:30:00] No items in queue to process
[2025-06-23 22:40:00] Starting CLI queue processor
[2025-06-23 22:40:00] No items in queue to process
[2025-06-23 22:50:00] Starting CLI queue processor
[2025-06-23 22:50:00] No items in queue to process
[2025-06-23 23:00:00] Starting CLI queue processor
[2025-06-23 23:00:00] No items in queue to process
[2025-06-23 23:10:00] Starting CLI queue processor
[2025-06-23 23:10:00] No items in queue to process
[2025-06-23 23:20:00] Starting CLI queue processor
[2025-06-23 23:20:00] No items in queue to process
[2025-06-23 23:30:00] Starting CLI queue processor
[2025-06-23 23:30:00] No items in queue to process
[2025-06-23 23:40:00] Starting CLI queue processor
[2025-06-23 23:40:00] No items in queue to process
[2025-06-23 23:50:00] Starting CLI queue processor
[2025-06-23 23:50:00] No items in queue to process
